2019-07-24 16:53:48,132 CRIT Supervisor running as root (no user in config file)
2019-07-24 16:53:48,133 INFO Included extra file "/etc/supervisor/conf.d/supervisord.conf" during parsing
2019-07-24 16:53:48,277 INFO RPC interface 'supervisor' initialized
2019-07-24 16:53:48,278 CRIT Server 'unix_http_server' running without any HTTP authentication checking
2019-07-24 16:53:48,280 INFO supervisord started with pid 1
2019-07-24 16:53:49,296 INFO spawned: 'varnishd' with pid 15
2019-07-24 16:53:49,312 INFO spawned: 'php-fpm' with pid 16
2019-07-24 16:53:49,334 INFO spawned: 'varnish-plugins-watcher' with pid 17
2019-07-24 16:53:49,351 INFO spawned: 'nginx' with pid 18
2019-07-24 16:53:49,389 INFO spawned: 'MailHog' with pid 19
2019-07-24 16:53:49,464 INFO spawned: 'mysql' with pid 20
2019-07-24 16:53:49,525 INFO spawned: 'varnish-themes-watcher' with pid 23
2019-07-24 16:53:50,912 INFO success: varnishd entered RUNNING state, process has stayed up for > than 1 seconds (startsecs)
2019-07-24 16:53:50,915 INFO success: php-fpm entered RUNNING state, process has stayed up for > than 1 seconds (startsecs)
2019-07-24 16:53:50,916 INFO success: varnish-plugins-watcher entered RUNNING state, process has stayed up for > than 1 seconds (startsecs)
2019-07-24 16:53:50,917 INFO success: nginx entered RUNNING state, process has stayed up for > than 1 seconds (startsecs)
2019-07-24 16:53:50,918 INFO success: MailHog entered RUNNING state, process has stayed up for > than 1 seconds (startsecs)
2019-07-24 16:53:50,918 INFO success: mysql entered RUNNING state, process has stayed up for > than 1 seconds (startsecs)
2019-07-24 16:53:50,919 INFO success: varnish-themes-watcher entered RUNNING state, process has stayed up for > than 1 seconds (startsecs)
2019-07-24 16:55:12,289 WARN received SIGTERM indicating exit request
2019-07-24 16:55:12,290 INFO waiting for varnishd, php-fpm, varnish-plugins-watcher, nginx, MailHog, mysql, varnish-themes-watcher to die
2019-07-24 16:55:13,293 INFO stopped: varnish-themes-watcher (terminated by SIGTERM)
2019-07-24 16:55:13,351 INFO stopped: mysql (exit status 0)
2019-07-24 16:55:13,352 INFO stopped: MailHog (terminated by SIGTERM)
2019-07-24 16:55:13,360 INFO stopped: nginx (exit status 0)
2019-07-24 16:55:14,368 INFO stopped: varnish-plugins-watcher (terminated by SIGTERM)
2019-07-24 16:55:14,437 INFO stopped: php-fpm (exit status 0)
2019-07-24 16:55:14,989 INFO reaped unknown pid 30
2019-07-24 16:55:15,021 INFO reaped unknown pid 488
2019-07-24 16:55:15,060 INFO reaped unknown pid 490
2019-07-24 16:55:15,444 INFO waiting for varnishd to die
2019-07-24 16:55:15,694 INFO stopped: varnishd (exit status 0)
2019-07-24 16:55:39,438 CRIT Supervisor running as root (no user in config file)
2019-07-24 16:55:39,438 INFO Included extra file "/etc/supervisor/conf.d/supervisord.conf" during parsing
2019-07-24 16:55:39,661 INFO RPC interface 'supervisor' initialized
2019-07-24 16:55:39,674 CRIT Server 'unix_http_server' running without any HTTP authentication checking
2019-07-24 16:55:39,674 INFO supervisord started with pid 1
2019-07-24 16:55:40,680 INFO spawned: 'varnishd' with pid 56
2019-07-24 16:55:40,685 INFO spawned: 'php-fpm' with pid 57
2019-07-24 16:55:40,693 INFO spawned: 'varnish-plugins-watcher' with pid 58
2019-07-24 16:55:40,713 INFO spawned: 'nginx' with pid 59
2019-07-24 16:55:40,750 INFO spawned: 'MailHog' with pid 60
2019-07-24 16:55:40,771 INFO spawned: 'mysql' with pid 61
2019-07-24 16:55:40,818 INFO spawned: 'varnish-themes-watcher' with pid 66
2019-07-24 16:55:41,922 INFO success: varnishd entered RUNNING state, process has stayed up for > than 1 seconds (startsecs)
2019-07-24 16:55:41,922 INFO success: php-fpm entered RUNNING state, process has stayed up for > than 1 seconds (startsecs)
2019-07-24 16:55:41,923 INFO success: varnish-plugins-watcher entered RUNNING state, process has stayed up for > than 1 seconds (startsecs)
2019-07-24 16:55:41,923 INFO success: nginx entered RUNNING state, process has stayed up for > than 1 seconds (startsecs)
2019-07-24 16:55:41,924 INFO success: MailHog entered RUNNING state, process has stayed up for > than 1 seconds (startsecs)
2019-07-24 16:55:41,924 INFO success: mysql entered RUNNING state, process has stayed up for > than 1 seconds (startsecs)
2019-07-24 16:55:41,924 INFO success: varnish-themes-watcher entered RUNNING state, process has stayed up for > than 1 seconds (startsecs)
2019-07-24 18:06:58,669 INFO exited: varnishd (exit status 0; expected)
2019-07-24 18:06:59,718 INFO spawned: 'varnishd' with pid 1476
2019-07-24 18:07:00,724 INFO success: varnishd entered RUNNING state, process has stayed up for > than 1 seconds (startsecs)
2019-07-24 20:59:43,801 WARN received SIGTERM indicating exit request
2019-07-24 20:59:43,803 INFO waiting for varnishd, php-fpm, varnish-plugins-watcher, nginx, MailHog, mysql, varnish-themes-watcher to die
2019-07-24 20:59:44,805 INFO stopped: varnish-themes-watcher (terminated by SIGTERM)
2019-07-24 20:59:44,828 INFO stopped: mysql (exit status 0)
2019-07-24 20:59:44,830 INFO stopped: MailHog (terminated by SIGTERM)
2019-07-24 20:59:44,834 INFO stopped: nginx (exit status 0)
2019-07-24 20:59:45,836 INFO stopped: varnish-plugins-watcher (terminated by SIGTERM)
2019-07-24 20:59:45,857 INFO stopped: php-fpm (exit status 0)
2019-07-24 20:59:46,178 INFO reaped unknown pid 76
2019-07-24 20:59:46,655 INFO reaped unknown pid 9998
2019-07-24 20:59:46,656 INFO reaped unknown pid 9999
2019-07-24 20:59:46,864 INFO waiting for varnishd to die
2019-07-24 20:59:47,133 INFO stopped: varnishd (exit status 0)
2019-07-26 14:07:20,229 CRIT Supervisor running as root (no user in config file)
2019-07-26 14:07:20,229 INFO Included extra file "/etc/supervisor/conf.d/supervisord.conf" during parsing
2019-07-26 14:07:20,361 INFO RPC interface 'supervisor' initialized
2019-07-26 14:07:20,364 CRIT Server 'unix_http_server' running without any HTTP authentication checking
2019-07-26 14:07:20,365 INFO supervisord started with pid 1
2019-07-26 14:07:21,372 INFO spawned: 'varnishd' with pid 59
2019-07-26 14:07:21,377 INFO spawned: 'php-fpm' with pid 60
2019-07-26 14:07:21,387 INFO spawned: 'varnish-plugins-watcher' with pid 61
2019-07-26 14:07:21,410 INFO spawned: 'nginx' with pid 62
2019-07-26 14:07:21,426 INFO spawned: 'MailHog' with pid 63
2019-07-26 14:07:21,459 INFO spawned: 'mysql' with pid 64
2019-07-26 14:07:21,484 INFO spawned: 'varnish-themes-watcher' with pid 65
2019-07-26 14:07:22,857 INFO success: varnishd entered RUNNING state, process has stayed up for > than 1 seconds (startsecs)
2019-07-26 14:07:22,858 INFO success: php-fpm entered RUNNING state, process has stayed up for > than 1 seconds (startsecs)
2019-07-26 14:07:22,859 INFO success: varnish-plugins-watcher entered RUNNING state, process has stayed up for > than 1 seconds (startsecs)
2019-07-26 14:07:22,860 INFO success: nginx entered RUNNING state, process has stayed up for > than 1 seconds (startsecs)
2019-07-26 14:07:22,860 INFO success: MailHog entered RUNNING state, process has stayed up for > than 1 seconds (startsecs)
2019-07-26 14:07:22,861 INFO success: mysql entered RUNNING state, process has stayed up for > than 1 seconds (startsecs)
2019-07-26 14:07:22,862 INFO success: varnish-themes-watcher entered RUNNING state, process has stayed up for > than 1 seconds (startsecs)
2019-07-26 20:34:38,238 WARN received SIGTERM indicating exit request
2019-07-26 20:34:38,240 INFO waiting for varnishd, php-fpm, varnish-plugins-watcher, nginx, MailHog, mysql, varnish-themes-watcher to die
2019-07-26 20:34:38,241 INFO stopped: varnish-themes-watcher (terminated by SIGTERM)
2019-07-26 20:34:38,399 INFO stopped: mysql (exit status 0)
2019-07-26 20:34:38,401 INFO stopped: MailHog (terminated by SIGTERM)
2019-07-26 20:34:38,420 INFO stopped: nginx (exit status 0)
2019-07-26 20:34:39,423 INFO stopped: varnish-plugins-watcher (terminated by SIGTERM)
2019-07-26 20:34:39,456 INFO stopped: php-fpm (exit status 0)
2019-07-26 20:34:39,617 INFO reaped unknown pid 81
2019-07-26 20:34:40,018 INFO reaped unknown pid 18331
2019-07-26 20:34:40,475 INFO reaped unknown pid 18332
2019-07-26 20:34:40,808 INFO stopped: varnishd (exit status 0)
2019-07-29 13:46:26,229 CRIT Supervisor running as root (no user in config file)
2019-07-29 13:46:26,231 INFO Included extra file "/etc/supervisor/conf.d/supervisord.conf" during parsing
2019-07-29 13:46:26,372 INFO RPC interface 'supervisor' initialized
2019-07-29 13:46:26,374 CRIT Server 'unix_http_server' running without any HTTP authentication checking
2019-07-29 13:46:26,376 INFO supervisord started with pid 1
2019-07-29 13:46:27,399 INFO spawned: 'varnishd' with pid 60
2019-07-29 13:46:27,445 INFO spawned: 'php-fpm' with pid 61
2019-07-29 13:46:27,460 INFO spawned: 'varnish-plugins-watcher' with pid 62
2019-07-29 13:46:27,523 INFO spawned: 'nginx' with pid 63
2019-07-29 13:46:27,560 INFO spawned: 'MailHog' with pid 64
2019-07-29 13:46:27,568 INFO spawned: 'mysql' with pid 65
2019-07-29 13:46:27,632 INFO spawned: 'varnish-themes-watcher' with pid 66
2019-07-29 13:46:29,260 INFO success: varnishd entered RUNNING state, process has stayed up for > than 1 seconds (startsecs)
2019-07-29 13:46:29,268 INFO success: php-fpm entered RUNNING state, process has stayed up for > than 1 seconds (startsecs)
2019-07-29 13:46:29,271 INFO success: varnish-plugins-watcher entered RUNNING state, process has stayed up for > than 1 seconds (startsecs)
2019-07-29 13:46:29,271 INFO success: nginx entered RUNNING state, process has stayed up for > than 1 seconds (startsecs)
2019-07-29 13:46:29,271 INFO success: MailHog entered RUNNING state, process has stayed up for > than 1 seconds (startsecs)
2019-07-29 13:46:29,272 INFO success: mysql entered RUNNING state, process has stayed up for > than 1 seconds (startsecs)
2019-07-29 13:46:29,272 INFO success: varnish-themes-watcher entered RUNNING state, process has stayed up for > than 1 seconds (startsecs)
2019-07-29 13:46:48,515 INFO exited: varnishd (exit status 0; expected)
2019-07-29 13:46:49,528 INFO spawned: 'varnishd' with pid 386
2019-07-29 13:46:50,531 INFO success: varnishd entered RUNNING state, process has stayed up for > than 1 seconds (startsecs)
2019-07-29 21:52:18,450 WARN received SIGTERM indicating exit request
2019-07-29 21:52:18,453 INFO waiting for varnishd, php-fpm, varnish-plugins-watcher, nginx, MailHog, mysql, varnish-themes-watcher to die
2019-07-29 21:52:19,457 INFO stopped: varnish-themes-watcher (terminated by SIGTERM)
2019-07-29 21:52:19,514 INFO stopped: mysql (exit status 0)
2019-07-29 21:52:19,518 INFO stopped: MailHog (terminated by SIGTERM)
2019-07-29 21:52:19,530 INFO stopped: nginx (exit status 0)
2019-07-29 21:52:20,533 INFO stopped: varnish-plugins-watcher (terminated by SIGTERM)
2019-07-29 21:52:20,560 INFO stopped: php-fpm (exit status 0)
2019-07-29 21:52:21,388 INFO reaped unknown pid 84
2019-07-29 21:52:21,563 INFO waiting for varnishd to die
2019-07-29 21:52:21,799 INFO reaped unknown pid 18872
2019-07-29 21:52:21,813 INFO reaped unknown pid 18873
2019-07-29 21:52:21,857 INFO stopped: varnishd (exit status 0)
2019-07-30 20:53:59,362 CRIT Supervisor running as root (no user in config file)
2019-07-30 20:53:59,362 INFO Included extra file "/etc/supervisor/conf.d/supervisord.conf" during parsing
2019-07-30 20:53:59,429 INFO RPC interface 'supervisor' initialized
2019-07-30 20:53:59,433 CRIT Server 'unix_http_server' running without any HTTP authentication checking
2019-07-30 20:53:59,435 INFO supervisord started with pid 1
2019-07-30 20:54:00,445 INFO spawned: 'varnishd' with pid 55
2019-07-30 20:54:00,455 INFO spawned: 'php-fpm' with pid 56
2019-07-30 20:54:00,460 INFO spawned: 'varnish-plugins-watcher' with pid 57
2019-07-30 20:54:00,480 INFO spawned: 'nginx' with pid 58
2019-07-30 20:54:00,500 INFO spawned: 'MailHog' with pid 59
2019-07-30 20:54:00,515 INFO spawned: 'mysql' with pid 62
2019-07-30 20:54:00,529 INFO spawned: 'varnish-themes-watcher' with pid 63
2019-07-30 20:54:01,865 INFO success: varnishd entered RUNNING state, process has stayed up for > than 1 seconds (startsecs)
2019-07-30 20:54:01,865 INFO success: php-fpm entered RUNNING state, process has stayed up for > than 1 seconds (startsecs)
2019-07-30 20:54:01,866 INFO success: varnish-plugins-watcher entered RUNNING state, process has stayed up for > than 1 seconds (startsecs)
2019-07-30 20:54:01,866 INFO success: nginx entered RUNNING state, process has stayed up for > than 1 seconds (startsecs)
2019-07-30 20:54:01,866 INFO success: MailHog entered RUNNING state, process has stayed up for > than 1 seconds (startsecs)
2019-07-30 20:54:01,866 INFO success: mysql entered RUNNING state, process has stayed up for > than 1 seconds (startsecs)
2019-07-30 20:54:01,867 INFO success: varnish-themes-watcher entered RUNNING state, process has stayed up for > than 1 seconds (startsecs)
2019-07-31 13:15:18,226 CRIT Supervisor running as root (no user in config file)
2019-07-31 13:15:18,227 INFO Included extra file "/etc/supervisor/conf.d/supervisord.conf" during parsing
2019-07-31 13:15:18,421 INFO RPC interface 'supervisor' initialized
2019-07-31 13:15:18,429 CRIT Server 'unix_http_server' running without any HTTP authentication checking
2019-07-31 13:15:18,432 INFO supervisord started with pid 1
2019-07-31 13:15:19,438 INFO spawned: 'varnishd' with pid 61
2019-07-31 13:15:19,447 INFO spawned: 'php-fpm' with pid 62
2019-07-31 13:15:19,475 INFO spawned: 'varnish-plugins-watcher' with pid 63
2019-07-31 13:15:19,521 INFO spawned: 'nginx' with pid 64
2019-07-31 13:15:19,632 INFO spawned: 'MailHog' with pid 65
2019-07-31 13:15:19,677 INFO spawned: 'mysql' with pid 66
2019-07-31 13:15:19,747 INFO spawned: 'varnish-themes-watcher' with pid 69
2019-07-31 13:15:20,580 INFO success: varnishd entered RUNNING state, process has stayed up for > than 1 seconds (startsecs)
2019-07-31 13:15:20,581 INFO success: php-fpm entered RUNNING state, process has stayed up for > than 1 seconds (startsecs)
2019-07-31 13:15:20,581 INFO success: varnish-plugins-watcher entered RUNNING state, process has stayed up for > than 1 seconds (startsecs)
2019-07-31 13:15:20,581 INFO success: nginx entered RUNNING state, process has stayed up for > than 1 seconds (startsecs)
2019-07-31 13:15:20,581 INFO success: MailHog entered RUNNING state, process has stayed up for > than 1 seconds (startsecs)
2019-07-31 13:15:21,599 INFO success: mysql entered RUNNING state, process has stayed up for > than 1 seconds (startsecs)
2019-07-31 13:15:21,600 INFO success: varnish-themes-watcher entered RUNNING state, process has stayed up for > than 1 seconds (startsecs)
2019-07-31 14:15:42,257 WARN received SIGTERM indicating exit request
2019-07-31 14:15:42,259 INFO waiting for varnishd, php-fpm, varnish-plugins-watcher, nginx, MailHog, mysql, varnish-themes-watcher to die
2019-07-31 14:15:43,261 INFO stopped: varnish-themes-watcher (terminated by SIGTERM)
2019-07-31 14:15:43,307 INFO stopped: mysql (exit status 0)
2019-07-31 14:15:43,309 INFO stopped: MailHog (terminated by SIGTERM)
2019-07-31 14:15:43,314 INFO stopped: nginx (exit status 0)
2019-07-31 14:15:44,318 INFO stopped: varnish-plugins-watcher (terminated by SIGTERM)
2019-07-31 14:15:44,435 INFO stopped: php-fpm (exit status 0)
2019-07-31 14:15:45,345 INFO reaped unknown pid 3277
2019-07-31 14:15:45,345 INFO reaped unknown pid 3276
2019-07-31 14:15:45,346 INFO waiting for varnishd to die
2019-07-31 14:15:45,401 INFO reaped unknown pid 88
2019-07-31 14:15:46,101 INFO stopped: varnishd (exit status 0)
2019-07-31 14:19:43,198 CRIT Supervisor running as root (no user in config file)
2019-07-31 14:19:43,202 INFO Included extra file "/etc/supervisor/conf.d/supervisord.conf" during parsing
2019-07-31 14:19:43,412 INFO RPC interface 'supervisor' initialized
2019-07-31 14:19:43,419 CRIT Server 'unix_http_server' running without any HTTP authentication checking
2019-07-31 14:19:43,420 INFO supervisord started with pid 1
2019-07-31 14:19:44,456 INFO spawned: 'varnishd' with pid 57
2019-07-31 14:19:44,510 INFO spawned: 'php-fpm' with pid 58
2019-07-31 14:19:44,731 INFO spawned: 'varnish-plugins-watcher' with pid 61
2019-07-31 14:19:44,967 INFO spawned: 'nginx' with pid 62
2019-07-31 14:19:45,041 INFO spawned: 'MailHog' with pid 63
2019-07-31 14:19:45,227 INFO spawned: 'mysql' with pid 64
2019-07-31 14:19:45,249 INFO spawned: 'varnish-themes-watcher' with pid 65
2019-07-31 14:19:46,251 INFO success: varnishd entered RUNNING state, process has stayed up for > than 1 seconds (startsecs)
2019-07-31 14:19:46,252 INFO success: php-fpm entered RUNNING state, process has stayed up for > than 1 seconds (startsecs)
2019-07-31 14:19:46,254 INFO success: varnish-plugins-watcher entered RUNNING state, process has stayed up for > than 1 seconds (startsecs)
2019-07-31 14:19:46,258 INFO success: nginx entered RUNNING state, process has stayed up for > than 1 seconds (startsecs)
2019-07-31 14:19:46,265 INFO success: MailHog entered RUNNING state, process has stayed up for > than 1 seconds (startsecs)
2019-07-31 14:19:46,279 INFO success: mysql entered RUNNING state, process has stayed up for > than 1 seconds (startsecs)
2019-07-31 14:19:46,280 INFO success: varnish-themes-watcher entered RUNNING state, process has stayed up for > than 1 seconds (startsecs)
2019-07-31 23:12:55,521 WARN received SIGTERM indicating exit request
2019-07-31 23:12:55,543 INFO waiting for varnishd, php-fpm, varnish-plugins-watcher, nginx, MailHog, mysql, varnish-themes-watcher to die
2019-07-31 23:12:56,552 INFO stopped: varnish-themes-watcher (terminated by SIGTERM)
2019-07-31 23:12:56,648 INFO stopped: mysql (exit status 0)
2019-07-31 23:12:56,650 INFO stopped: MailHog (terminated by SIGTERM)
2019-07-31 23:12:56,658 INFO stopped: nginx (exit status 0)
2019-07-31 23:12:57,661 INFO stopped: varnish-plugins-watcher (terminated by SIGTERM)
2019-07-31 23:12:57,740 INFO stopped: php-fpm (exit status 0)
2019-07-31 23:12:57,855 INFO reaped unknown pid 85
2019-07-31 23:12:58,744 INFO waiting for varnishd to die
2019-07-31 23:12:59,124 INFO stopped: varnishd (exit status 0)
2019-08-01 14:17:47,730 CRIT Supervisor running as root (no user in config file)
2019-08-01 14:17:47,730 INFO Included extra file "/etc/supervisor/conf.d/supervisord.conf" during parsing
2019-08-01 14:17:47,795 INFO RPC interface 'supervisor' initialized
2019-08-01 14:17:47,799 CRIT Server 'unix_http_server' running without any HTTP authentication checking
2019-08-01 14:17:47,799 INFO supervisord started with pid 1
2019-08-01 14:17:48,805 INFO spawned: 'varnishd' with pid 55
2019-08-01 14:17:48,813 INFO spawned: 'php-fpm' with pid 56
2019-08-01 14:17:48,818 INFO spawned: 'varnish-plugins-watcher' with pid 57
2019-08-01 14:17:48,841 INFO spawned: 'nginx' with pid 58
2019-08-01 14:17:48,848 INFO spawned: 'MailHog' with pid 59
2019-08-01 14:17:48,872 INFO spawned: 'mysql' with pid 60
2019-08-01 14:17:48,886 INFO spawned: 'varnish-themes-watcher' with pid 61
2019-08-01 14:17:50,222 INFO success: varnishd entered RUNNING state, process has stayed up for > than 1 seconds (startsecs)
2019-08-01 14:17:50,225 INFO success: php-fpm entered RUNNING state, process has stayed up for > than 1 seconds (startsecs)
2019-08-01 14:17:50,227 INFO success: varnish-plugins-watcher entered RUNNING state, process has stayed up for > than 1 seconds (startsecs)
2019-08-01 14:17:50,227 INFO success: nginx entered RUNNING state, process has stayed up for > than 1 seconds (startsecs)
2019-08-01 14:17:50,227 INFO success: MailHog entered RUNNING state, process has stayed up for > than 1 seconds (startsecs)
2019-08-01 14:17:50,228 INFO success: mysql entered RUNNING state, process has stayed up for > than 1 seconds (startsecs)
2019-08-01 14:17:50,229 INFO success: varnish-themes-watcher entered RUNNING state, process has stayed up for > than 1 seconds (startsecs)
2019-08-01 22:15:34,661 WARN received SIGTERM indicating exit request
2019-08-01 22:15:34,664 INFO waiting for varnishd, php-fpm, varnish-plugins-watcher, nginx, MailHog, mysql, varnish-themes-watcher to die
2019-08-01 22:15:35,667 INFO stopped: varnish-themes-watcher (terminated by SIGTERM)
2019-08-01 22:15:36,222 INFO stopped: mysql (exit status 0)
2019-08-01 22:15:36,228 INFO stopped: MailHog (terminated by SIGTERM)
2019-08-01 22:15:36,245 INFO stopped: nginx (exit status 0)
2019-08-01 22:15:36,607 INFO stopped: varnish-plugins-watcher (terminated by SIGTERM)
2019-08-01 22:15:36,608 INFO reaped unknown pid 23292
2019-08-01 22:15:36,628 INFO stopped: php-fpm (exit status 0)
2019-08-01 22:15:37,193 WARN received SIGTERM indicating exit request
2019-08-01 22:15:37,846 INFO reaped unknown pid 23317
2019-08-01 22:15:37,853 INFO waiting for varnishd to die
2019-08-01 22:15:38,097 INFO stopped: varnishd (exit status 0)
2019-08-01 22:16:23,681 CRIT Supervisor running as root (no user in config file)
2019-08-01 22:16:23,689 INFO Included extra file "/etc/supervisor/conf.d/supervisord.conf" during parsing
2019-08-01 22:16:23,867 INFO RPC interface 'supervisor' initialized
2019-08-01 22:16:23,892 CRIT Server 'unix_http_server' running without any HTTP authentication checking
2019-08-01 22:16:23,892 INFO supervisord started with pid 1
2019-08-01 22:16:24,902 INFO spawned: 'varnishd' with pid 53
2019-08-01 22:16:24,928 INFO spawned: 'php-fpm' with pid 54
2019-08-01 22:16:24,953 INFO spawned: 'varnish-plugins-watcher' with pid 55
2019-08-01 22:16:25,020 INFO spawned: 'nginx' with pid 58
2019-08-01 22:16:25,073 INFO spawned: 'MailHog' with pid 59
2019-08-01 22:16:25,138 INFO spawned: 'mysql' with pid 63
2019-08-01 22:16:25,149 INFO spawned: 'varnish-themes-watcher' with pid 66
2019-08-01 22:16:26,233 INFO success: varnishd entered RUNNING state, process has stayed up for > than 1 seconds (startsecs)
2019-08-01 22:16:26,235 INFO success: php-fpm entered RUNNING state, process has stayed up for > than 1 seconds (startsecs)
2019-08-01 22:16:26,236 INFO success: varnish-plugins-watcher entered RUNNING state, process has stayed up for > than 1 seconds (startsecs)
2019-08-01 22:16:26,275 INFO success: nginx entered RUNNING state, process has stayed up for > than 1 seconds (startsecs)
2019-08-01 22:16:26,289 INFO success: MailHog entered RUNNING state, process has stayed up for > than 1 seconds (startsecs)
2019-08-01 22:16:26,289 INFO success: mysql entered RUNNING state, process has stayed up for > than 1 seconds (startsecs)
2019-08-01 22:16:26,289 INFO success: varnish-themes-watcher entered RUNNING state, process has stayed up for > than 1 seconds (startsecs)
2019-08-01 23:08:42,123 WARN received SIGTERM indicating exit request
2019-08-01 23:08:42,125 INFO waiting for varnishd, php-fpm, varnish-plugins-watcher, nginx, MailHog, mysql, varnish-themes-watcher to die
2019-08-01 23:08:43,126 INFO stopped: varnish-themes-watcher (terminated by SIGTERM)
2019-08-01 23:08:43,145 INFO stopped: mysql (exit status 0)
2019-08-01 23:08:43,149 INFO stopped: MailHog (terminated by SIGTERM)
2019-08-01 23:08:43,153 INFO stopped: nginx (exit status 0)
2019-08-01 23:08:44,155 INFO stopped: varnish-plugins-watcher (terminated by SIGTERM)
2019-08-01 23:08:44,175 INFO stopped: php-fpm (exit status 0)
2019-08-01 23:08:44,503 INFO reaped unknown pid 77
2019-08-01 23:08:44,642 INFO reaped unknown pid 2863
2019-08-01 23:08:44,660 INFO reaped unknown pid 2865
2019-08-01 23:08:45,180 INFO waiting for varnishd to die
2019-08-01 23:08:45,516 INFO stopped: varnishd (exit status 0)
2019-08-02 12:37:20,194 CRIT Supervisor running as root (no user in config file)
2019-08-02 12:37:20,195 INFO Included extra file "/etc/supervisor/conf.d/supervisord.conf" during parsing
2019-08-02 12:37:20,264 INFO RPC interface 'supervisor' initialized
2019-08-02 12:37:20,268 CRIT Server 'unix_http_server' running without any HTTP authentication checking
2019-08-02 12:37:20,270 INFO supervisord started with pid 1
2019-08-02 12:37:21,276 INFO spawned: 'varnishd' with pid 55
2019-08-02 12:37:21,280 INFO spawned: 'php-fpm' with pid 56
2019-08-02 12:37:21,290 INFO spawned: 'varnish-plugins-watcher' with pid 57
2019-08-02 12:37:21,310 INFO spawned: 'nginx' with pid 58
2019-08-02 12:37:21,331 INFO spawned: 'MailHog' with pid 59
2019-08-02 12:37:22,361 INFO spawned: 'mysql' with pid 60
2019-08-02 12:37:22,472 INFO spawned: 'varnish-themes-watcher' with pid 71
2019-08-02 12:37:22,561 INFO success: varnishd entered RUNNING state, process has stayed up for > than 1 seconds (startsecs)
2019-08-02 12:37:22,565 INFO success: php-fpm entered RUNNING state, process has stayed up for > than 1 seconds (startsecs)
2019-08-02 12:37:22,569 INFO success: varnish-plugins-watcher entered RUNNING state, process has stayed up for > than 1 seconds (startsecs)
2019-08-02 12:37:22,571 INFO success: nginx entered RUNNING state, process has stayed up for > than 1 seconds (startsecs)
2019-08-02 12:37:22,577 INFO success: MailHog entered RUNNING state, process has stayed up for > than 1 seconds (startsecs)
2019-08-02 12:37:22,593 INFO success: mysql entered RUNNING state, process has stayed up for > than 1 seconds (startsecs)
2019-08-02 12:37:24,118 INFO success: varnish-themes-watcher entered RUNNING state, process has stayed up for > than 1 seconds (startsecs)
2019-08-04 18:20:43,570 CRIT Supervisor running as root (no user in config file)
2019-08-04 18:20:43,570 INFO Included extra file "/etc/supervisor/conf.d/supervisord.conf" during parsing
2019-08-04 18:20:43,994 INFO RPC interface 'supervisor' initialized
2019-08-04 18:20:43,994 CRIT Server 'unix_http_server' running without any HTTP authentication checking
2019-08-04 18:20:43,999 INFO supervisord started with pid 1
2019-08-04 18:20:45,029 INFO spawned: 'varnishd' with pid 56
2019-08-04 18:20:45,081 INFO spawned: 'php-fpm' with pid 58
2019-08-04 18:20:45,190 INFO spawned: 'varnish-plugins-watcher' with pid 60
2019-08-04 18:20:45,206 INFO spawned: 'nginx' with pid 62
2019-08-04 18:20:45,385 INFO spawned: 'MailHog' with pid 63
2019-08-04 18:20:45,615 INFO spawned: 'mysql' with pid 65
2019-08-04 18:20:45,848 INFO spawned: 'varnish-themes-watcher' with pid 68
2019-08-04 18:20:46,296 INFO success: varnishd entered RUNNING state, process has stayed up for > than 1 seconds (startsecs)
2019-08-04 18:20:46,297 INFO success: php-fpm entered RUNNING state, process has stayed up for > than 1 seconds (startsecs)
2019-08-04 18:20:46,298 INFO success: varnish-plugins-watcher entered RUNNING state, process has stayed up for > than 1 seconds (startsecs)
2019-08-04 18:20:46,302 INFO success: nginx entered RUNNING state, process has stayed up for > than 1 seconds (startsecs)
2019-08-04 18:20:46,305 INFO success: MailHog entered RUNNING state, process has stayed up for > than 1 seconds (startsecs)
2019-08-04 18:20:46,399 INFO success: mysql entered RUNNING state, process has stayed up for > than 1 seconds (startsecs)
2019-08-04 18:20:47,550 INFO success: varnish-themes-watcher entered RUNNING state, process has stayed up for > than 1 seconds (startsecs)
2019-08-05 23:19:36,937 WARN received SIGTERM indicating exit request
2019-08-05 23:19:36,938 INFO waiting for varnishd, php-fpm, varnish-plugins-watcher, nginx, MailHog, mysql, varnish-themes-watcher to die
2019-08-05 23:19:36,938 INFO stopped: varnish-themes-watcher (terminated by SIGTERM)
2019-08-05 23:19:36,985 INFO stopped: mysql (exit status 0)
2019-08-05 23:19:36,993 INFO stopped: MailHog (terminated by SIGTERM)
2019-08-05 23:19:36,998 INFO stopped: nginx (exit status 0)
2019-08-05 23:19:38,000 INFO stopped: varnish-plugins-watcher (terminated by SIGTERM)
2019-08-05 23:19:38,024 INFO stopped: php-fpm (exit status 0)
2019-08-05 23:19:38,513 INFO reaped unknown pid 85
2019-08-05 23:19:39,294 INFO stopped: varnishd (exit status 0)
2019-08-07 16:17:57,321 CRIT Supervisor running as root (no user in config file)
2019-08-07 16:17:57,322 INFO Included extra file "/etc/supervisor/conf.d/supervisord.conf" during parsing
2019-08-07 16:17:57,387 INFO RPC interface 'supervisor' initialized
2019-08-07 16:17:57,400 CRIT Server 'unix_http_server' running without any HTTP authentication checking
2019-08-07 16:17:57,400 INFO supervisord started with pid 1
2019-08-07 16:17:58,412 INFO spawned: 'varnishd' with pid 57
2019-08-07 16:17:58,453 INFO spawned: 'php-fpm' with pid 58
2019-08-07 16:17:58,503 INFO spawned: 'varnish-plugins-watcher' with pid 59
2019-08-07 16:17:58,576 INFO spawned: 'nginx' with pid 60
2019-08-07 16:17:58,596 INFO spawned: 'MailHog' with pid 61
2019-08-07 16:17:58,610 INFO spawned: 'mysql' with pid 62
2019-08-07 16:17:58,634 INFO spawned: 'varnish-themes-watcher' with pid 63
2019-08-07 16:18:00,278 INFO success: varnishd entered RUNNING state, process has stayed up for > than 1 seconds (startsecs)
2019-08-07 16:18:00,278 INFO success: php-fpm entered RUNNING state, process has stayed up for > than 1 seconds (startsecs)
2019-08-07 16:18:00,279 INFO success: varnish-plugins-watcher entered RUNNING state, process has stayed up for > than 1 seconds (startsecs)
2019-08-07 16:18:00,280 INFO success: nginx entered RUNNING state, process has stayed up for > than 1 seconds (startsecs)
2019-08-07 16:18:00,282 INFO success: MailHog entered RUNNING state, process has stayed up for > than 1 seconds (startsecs)
2019-08-07 16:18:00,283 INFO success: mysql entered RUNNING state, process has stayed up for > than 1 seconds (startsecs)
2019-08-07 16:18:00,284 INFO success: varnish-themes-watcher entered RUNNING state, process has stayed up for > than 1 seconds (startsecs)
