[24-Jul-2019 16:53:51] NOTICE: fpm is running, pid 16
[24-Jul-2019 16:53:51] NOTICE: ready to handle connections
[24-Jul-2019 16:55:14] NOTICE: Terminating ...
[24-Jul-2019 16:55:14] NOTICE: exiting, bye-bye!
[24-Jul-2019 16:55:40] NOTICE: fpm is running, pid 57
[24-Jul-2019 16:55:40] NOTICE: ready to handle connections
[24-Jul-2019 20:59:45] NOTICE: Terminating ...
[24-Jul-2019 20:59:45] NOTICE: exiting, bye-bye!
[26-Jul-2019 14:07:21] NOTICE: fpm is running, pid 60
[26-Jul-2019 14:07:21] NOTICE: ready to handle connections
[26-Jul-2019 20:34:39] NOTICE: Terminating ...
[26-Jul-2019 20:34:39] NOTICE: exiting, bye-bye!
[29-Jul-2019 13:46:28] NOTICE: fpm is running, pid 61
[29-Jul-2019 13:46:28] NOTICE: ready to handle connections
[29-Jul-2019 21:52:20] NOTICE: Terminating ...
[29-Jul-2019 21:52:20] NOTICE: exiting, bye-bye!
[30-Jul-2019 20:54:00] NOTICE: fpm is running, pid 56
[30-Jul-2019 20:54:00] NOTICE: ready to handle connections
[31-Jul-2019 13:15:20] NOTICE: fpm is running, pid 62
[31-Jul-2019 13:15:20] NOTICE: ready to handle connections
[31-Jul-2019 14:15:44] NOTICE: Terminating ...
[31-Jul-2019 14:15:44] NOTICE: exiting, bye-bye!
[31-Jul-2019 14:19:46] NOTICE: fpm is running, pid 58
[31-Jul-2019 14:19:46] NOTICE: ready to handle connections
[31-Jul-2019 23:12:57] NOTICE: Terminating ...
[31-Jul-2019 23:12:57] NOTICE: exiting, bye-bye!
[01-Aug-2019 14:17:49] NOTICE: fpm is running, pid 56
[01-Aug-2019 14:17:49] NOTICE: ready to handle connections
[01-Aug-2019 22:09:27] WARNING: [pool www] server reached pm.max_children setting (5), consider raising it
[01-Aug-2019 22:15:36] NOTICE: Terminating ...
[01-Aug-2019 22:15:36] NOTICE: exiting, bye-bye!
[01-Aug-2019 22:16:25] NOTICE: fpm is running, pid 54
[01-Aug-2019 22:16:25] NOTICE: ready to handle connections
[01-Aug-2019 23:08:44] NOTICE: Terminating ...
[01-Aug-2019 23:08:44] NOTICE: exiting, bye-bye!
[02-Aug-2019 12:37:23] NOTICE: fpm is running, pid 56
[02-Aug-2019 12:37:23] NOTICE: ready to handle connections
[04-Aug-2019 18:20:46] NOTICE: fpm is running, pid 58
[04-Aug-2019 18:20:46] NOTICE: ready to handle connections
[05-Aug-2019 23:19:38] NOTICE: Terminating ...
[05-Aug-2019 23:19:38] NOTICE: exiting, bye-bye!
[07-Aug-2019 16:17:59] NOTICE: fpm is running, pid 58
[07-Aug-2019 16:17:59] NOTICE: ready to handle connections
[07-Aug-2019 18:01:25] WARNING: [pool www] server reached pm.max_children setting (5), consider raising it
