2019-07-24T16:53:52.665262Z 0 [Warning] TIMESTAMP with implicit DEFAULT value is deprecated. Please use --explicit_defaults_for_timestamp server option (see documentation for more details).
2019-07-24T16:53:52.666043Z 0 [Note] /usr/sbin/mysqld (mysqld 5.7.23) starting as process 30 ...
2019-07-24T16:53:52.708843Z 0 [Note] InnoDB: PUNCH HOLE support available
2019-07-24T16:53:52.708889Z 0 [Note] InnoDB: Mutexes and rw_locks use GCC atomic builtins
2019-07-24T16:53:52.708899Z 0 [Note] InnoDB: Uses event mutexes
2019-07-24T16:53:52.708905Z 0 [Note] InnoDB: GCC builtin __atomic_thread_fence() is used for memory barrier
2019-07-24T16:53:52.708911Z 0 [Note] InnoDB: Compressed tables use zlib 1.2.3
2019-07-24T16:53:52.708917Z 0 [Note] InnoDB: Using Linux native AIO
2019-07-24T16:53:52.709540Z 0 [Note] InnoDB: Number of pools: 1
2019-07-24T16:53:52.709663Z 0 [Note] InnoDB: Using CPU crc32 instructions
2019-07-24T16:53:52.711284Z 0 [Note] InnoDB: Initializing buffer pool, total size = 32M, instances = 1, chunk size = 32M
2019-07-24T16:53:52.713201Z 0 [Note] InnoDB: Completed initialization of buffer pool
2019-07-24T16:53:52.734362Z 0 [Note] InnoDB: If the mysqld execution user is authorized, page cleaner thread priority can be changed. See the man page of setpriority().
2019-07-24T16:53:52.746191Z 0 [Note] InnoDB: Highest supported file format is Barracuda.
2019-07-24T16:53:52.759994Z 0 [Note] InnoDB: Log scan progressed past the checkpoint lsn 2588963
2019-07-24T16:53:52.760020Z 0 [Note] InnoDB: Doing recovery: scanned up to log sequence number 2591784
2019-07-24T16:53:52.767049Z 0 [Note] InnoDB: Database was not shutdown normally!
2019-07-24T16:53:52.767072Z 0 [Note] InnoDB: Starting crash recovery.
2019-07-24T16:53:53.494373Z 0 [Note] InnoDB: Starting an apply batch of log records to the database...
InnoDB: Progress in percent: 16 17 18 19 20 21 22 23 24 25 26 27 28 29 30 31 32 33 34 35 36 37 38 39 40 41 42 43 44 45 46 47 48 49 50 51 52 53 54 55 56 57 58 59 60 61 62 63 64 65 66 67 68 69 70 71 72 73 74 75 76 77 78 79 80 81 82 83 84 85 86 87 88 89 90 91 92 93 94 95 96 97 98 99 
2019-07-24T16:53:53.498527Z 0 [Note] InnoDB: Apply batch completed
2019-07-24T16:53:53.648672Z 0 [Note] InnoDB: Removed temporary tablespace data file: "ibtmp1"
2019-07-24T16:53:53.648701Z 0 [Note] InnoDB: Creating shared tablespace for temporary tables
2019-07-24T16:53:53.648783Z 0 [Note] InnoDB: Setting file './ibtmp1' size to 12 MB. Physically writing the file full; Please wait ...
2019-07-24T16:53:53.795429Z 0 [Note] InnoDB: File './ibtmp1' size is now 12 MB.
2019-07-24T16:53:53.796976Z 0 [Note] InnoDB: 96 redo rollback segment(s) found. 96 redo rollback segment(s) are active.
2019-07-24T16:53:53.797011Z 0 [Note] InnoDB: 32 non-redo rollback segment(s) are active.
2019-07-24T16:53:53.797670Z 0 [Note] InnoDB: Waiting for purge to start
2019-07-24T16:53:53.862287Z 0 [Note] InnoDB: 5.7.23 started; log sequence number 2591784
2019-07-24T16:53:53.871443Z 0 [Note] InnoDB: Loading buffer pool(s) from /var/lib/mysql/ib_buffer_pool
2019-07-24T16:53:53.909454Z 0 [Note] Plugin 'FEDERATED' is disabled.
2019-07-24T16:53:53.949868Z 0 [Note] InnoDB: Buffer pool(s) load completed at 190724 16:53:53
2019-07-24T16:53:54.043863Z 0 [Warning] Failed to set up SSL because of the following SSL library error: SSL context is not usable without certificate and private key
2019-07-24T16:53:54.043905Z 0 [Note] Server hostname (bind-address): '*'; port: 3306
2019-07-24T16:53:54.045433Z 0 [Note] IPv6 is available.
2019-07-24T16:53:54.046962Z 0 [Note]   - '::' resolves to '::';
2019-07-24T16:53:54.047019Z 0 [Note] Server socket created on IP: '::'.
2019-07-24T16:53:54.148590Z 0 [Warning] Insecure configuration for --pid-file: Location '/var/run/mysqld' in the path is accessible to all OS users. Consider choosing a different directory.
2019-07-24T16:53:54.184619Z 0 [ERROR] /usr/sbin/mysqld: Table './mysql/user' is marked as crashed and should be repaired
2019-07-24T16:53:54.185113Z 0 [Warning] Checking table:   './mysql/user'
2019-07-24T16:53:54.185139Z 0 [ERROR] 1 client is using or hasn't closed the table properly
2019-07-24T16:53:54.188424Z 0 [Warning] 'user' entry 'root@localhost' ignored in --skip-name-resolve mode.
2019-07-24T16:53:54.188488Z 0 [Warning] 'user' entry 'mysql.session@localhost' ignored in --skip-name-resolve mode.
2019-07-24T16:53:54.188504Z 0 [Warning] 'user' entry 'mysql.sys@localhost' ignored in --skip-name-resolve mode.
2019-07-24T16:53:54.188539Z 0 [Warning] 'db' entry 'performance_schema mysql.session@localhost' ignored in --skip-name-resolve mode.
2019-07-24T16:53:54.188546Z 0 [Warning] 'db' entry 'sys mysql.sys@localhost' ignored in --skip-name-resolve mode.
2019-07-24T16:53:54.188563Z 0 [Warning] 'proxies_priv' entry '@ root@localhost' ignored in --skip-name-resolve mode.
2019-07-24T16:53:54.200831Z 0 [Warning] 'tables_priv' entry 'user mysql.session@localhost' ignored in --skip-name-resolve mode.
2019-07-24T16:53:54.200864Z 0 [Warning] 'tables_priv' entry 'sys_config mysql.sys@localhost' ignored in --skip-name-resolve mode.
2019-07-24T16:53:54.285966Z 0 [Note] Event Scheduler: Loaded 0 events
2019-07-24T16:53:54.292250Z 0 [Note] /usr/sbin/mysqld: ready for connections.
Version: '5.7.23'  socket: '/var/run/mysqld/mysqld.sock'  port: 3306  MySQL Community Server (GPL)
2019-07-24T16:54:11.600832Z 4 [ERROR] /usr/sbin/mysqld: Table './mysql/proc' is marked as crashed and should be repaired
2019-07-24T16:54:11.600996Z 4 [Warning] Checking table:   './mysql/proc'
2019-07-24T16:54:11.629876Z 6 [Warning] 'user' entry 'root@localhost' ignored in --skip-name-resolve mode.
2019-07-24T16:54:11.629902Z 6 [Warning] 'user' entry 'mysql.session@localhost' ignored in --skip-name-resolve mode.
2019-07-24T16:54:11.629910Z 6 [Warning] 'user' entry 'mysql.sys@localhost' ignored in --skip-name-resolve mode.
2019-07-24T16:54:11.629927Z 6 [Warning] 'db' entry 'performance_schema mysql.session@localhost' ignored in --skip-name-resolve mode.
2019-07-24T16:54:11.629932Z 6 [Warning] 'db' entry 'sys mysql.sys@localhost' ignored in --skip-name-resolve mode.
2019-07-24T16:54:11.629941Z 6 [Warning] 'proxies_priv' entry '@ root@localhost' ignored in --skip-name-resolve mode.
2019-07-24T16:54:11.630069Z 6 [Warning] 'tables_priv' entry 'user mysql.session@localhost' ignored in --skip-name-resolve mode.
2019-07-24T16:54:11.630077Z 6 [Warning] 'tables_priv' entry 'sys_config mysql.sys@localhost' ignored in --skip-name-resolve mode.
2019-07-24T16:55:13.309068Z 0 [Note] Giving 0 client threads a chance to die gracefully
2019-07-24T16:55:13.310046Z 0 [Note] Shutting down slave threads
2019-07-24T16:55:13.310065Z 0 [Note] Forcefully disconnecting 0 remaining clients
2019-07-24T16:55:13.310076Z 0 [Note] Event Scheduler: Purging the queue. 0 events
2019-07-24T16:55:13.310126Z 0 [Note] Binlog end
2019-07-24T16:55:13.312553Z 0 [Note] Shutting down plugin 'ngram'
2019-07-24T16:55:13.312587Z 0 [Note] Shutting down plugin 'partition'
2019-07-24T16:55:13.312595Z 0 [Note] Shutting down plugin 'BLACKHOLE'
2019-07-24T16:55:13.312601Z 0 [Note] Shutting down plugin 'ARCHIVE'
2019-07-24T16:55:13.312605Z 0 [Note] Shutting down plugin 'PERFORMANCE_SCHEMA'
2019-07-24T16:55:13.312719Z 0 [Note] Shutting down plugin 'MRG_MYISAM'
2019-07-24T16:55:13.312735Z 0 [Note] Shutting down plugin 'MyISAM'
2019-07-24T16:55:13.312751Z 0 [Note] Shutting down plugin 'INNODB_SYS_VIRTUAL'
2019-07-24T16:55:13.312757Z 0 [Note] Shutting down plugin 'INNODB_SYS_DATAFILES'
2019-07-24T16:55:13.312759Z 0 [Note] Shutting down plugin 'INNODB_SYS_TABLESPACES'
2019-07-24T16:55:13.312762Z 0 [Note] Shutting down plugin 'INNODB_SYS_FOREIGN_COLS'
2019-07-24T16:55:13.312764Z 0 [Note] Shutting down plugin 'INNODB_SYS_FOREIGN'
2019-07-24T16:55:13.312766Z 0 [Note] Shutting down plugin 'INNODB_SYS_FIELDS'
2019-07-24T16:55:13.312769Z 0 [Note] Shutting down plugin 'INNODB_SYS_COLUMNS'
2019-07-24T16:55:13.312771Z 0 [Note] Shutting down plugin 'INNODB_SYS_INDEXES'
2019-07-24T16:55:13.312773Z 0 [Note] Shutting down plugin 'INNODB_SYS_TABLESTATS'
2019-07-24T16:55:13.312775Z 0 [Note] Shutting down plugin 'INNODB_SYS_TABLES'
2019-07-24T16:55:13.312778Z 0 [Note] Shutting down plugin 'INNODB_FT_INDEX_TABLE'
2019-07-24T16:55:13.312794Z 0 [Note] Shutting down plugin 'INNODB_FT_INDEX_CACHE'
2019-07-24T16:55:13.312799Z 0 [Note] Shutting down plugin 'INNODB_FT_CONFIG'
2019-07-24T16:55:13.312803Z 0 [Note] Shutting down plugin 'INNODB_FT_BEING_DELETED'
2019-07-24T16:55:13.312807Z 0 [Note] Shutting down plugin 'INNODB_FT_DELETED'
2019-07-24T16:55:13.312811Z 0 [Note] Shutting down plugin 'INNODB_FT_DEFAULT_STOPWORD'
2019-07-24T16:55:13.312816Z 0 [Note] Shutting down plugin 'INNODB_METRICS'
2019-07-24T16:55:13.312819Z 0 [Note] Shutting down plugin 'INNODB_TEMP_TABLE_INFO'
2019-07-24T16:55:13.312823Z 0 [Note] Shutting down plugin 'INNODB_BUFFER_POOL_STATS'
2019-07-24T16:55:13.312827Z 0 [Note] Shutting down plugin 'INNODB_BUFFER_PAGE_LRU'
2019-07-24T16:55:13.312831Z 0 [Note] Shutting down plugin 'INNODB_BUFFER_PAGE'
2019-07-24T16:55:13.312835Z 0 [Note] Shutting down plugin 'INNODB_CMP_PER_INDEX_RESET'
2019-07-24T16:55:13.312839Z 0 [Note] Shutting down plugin 'INNODB_CMP_PER_INDEX'
2019-07-24T16:55:13.312913Z 0 [Note] Shutting down plugin 'INNODB_CMPMEM_RESET'
2019-07-24T16:55:13.312922Z 0 [Note] Shutting down plugin 'INNODB_CMPMEM'
2019-07-24T16:55:13.312926Z 0 [Note] Shutting down plugin 'INNODB_CMP_RESET'
2019-07-24T16:55:13.312930Z 0 [Note] Shutting down plugin 'INNODB_CMP'
2019-07-24T16:55:13.312934Z 0 [Note] Shutting down plugin 'INNODB_LOCK_WAITS'
2019-07-24T16:55:13.312938Z 0 [Note] Shutting down plugin 'INNODB_LOCKS'
2019-07-24T16:55:13.312942Z 0 [Note] Shutting down plugin 'INNODB_TRX'
2019-07-24T16:55:13.312946Z 0 [Note] Shutting down plugin 'InnoDB'
2019-07-24T16:55:13.313099Z 0 [Note] InnoDB: FTS optimize thread exiting.
2019-07-24T16:55:13.313581Z 0 [Note] InnoDB: Starting shutdown...
2019-07-24T16:55:13.414599Z 0 [Note] InnoDB: Dumping buffer pool(s) to /var/lib/mysql/ib_buffer_pool
2019-07-24T16:55:13.416699Z 0 [Note] InnoDB: Buffer pool(s) dump completed at 190724 16:55:13
2019-07-24T16:55:14.936277Z 0 [Note] InnoDB: Shutdown completed; log sequence number 3908863
2019-07-24T16:55:14.937030Z 0 [Note] InnoDB: Removed temporary tablespace data file: "ibtmp1"
2019-07-24T16:55:14.937073Z 0 [Note] Shutting down plugin 'MEMORY'
2019-07-24T16:55:14.937083Z 0 [Note] Shutting down plugin 'CSV'
2019-07-24T16:55:14.937091Z 0 [Note] Shutting down plugin 'sha256_password'
2019-07-24T16:55:14.937095Z 0 [Note] Shutting down plugin 'mysql_native_password'
2019-07-24T16:55:14.937339Z 0 [Note] Shutting down plugin 'binlog'
2019-07-24T16:55:14.939434Z 0 [Note] /usr/sbin/mysqld: Shutdown complete

2019-07-24T16:55:41.574076Z 0 [Warning] TIMESTAMP with implicit DEFAULT value is deprecated. Please use --explicit_defaults_for_timestamp server option (see documentation for more details).
2019-07-24T16:55:41.574335Z 0 [Note] /usr/sbin/mysqld (mysqld 5.7.23) starting as process 76 ...
2019-07-24T16:55:41.590281Z 0 [Note] InnoDB: PUNCH HOLE support available
2019-07-24T16:55:41.590322Z 0 [Note] InnoDB: Mutexes and rw_locks use GCC atomic builtins
2019-07-24T16:55:41.590328Z 0 [Note] InnoDB: Uses event mutexes
2019-07-24T16:55:41.590332Z 0 [Note] InnoDB: GCC builtin __atomic_thread_fence() is used for memory barrier
2019-07-24T16:55:41.590335Z 0 [Note] InnoDB: Compressed tables use zlib 1.2.3
2019-07-24T16:55:41.590339Z 0 [Note] InnoDB: Using Linux native AIO
2019-07-24T16:55:41.590598Z 0 [Note] InnoDB: Number of pools: 1
2019-07-24T16:55:41.590698Z 0 [Note] InnoDB: Using CPU crc32 instructions
2019-07-24T16:55:41.593465Z 0 [Note] InnoDB: Initializing buffer pool, total size = 32M, instances = 1, chunk size = 32M
2019-07-24T16:55:41.606027Z 0 [Note] InnoDB: Completed initialization of buffer pool
2019-07-24T16:55:41.607249Z 0 [Note] InnoDB: If the mysqld execution user is authorized, page cleaner thread priority can be changed. See the man page of setpriority().
2019-07-24T16:55:41.620614Z 0 [Note] InnoDB: Highest supported file format is Barracuda.
2019-07-24T16:55:41.638523Z 0 [Note] InnoDB: Creating shared tablespace for temporary tables
2019-07-24T16:55:41.638623Z 0 [Note] InnoDB: Setting file './ibtmp1' size to 12 MB. Physically writing the file full; Please wait ...
2019-07-24T16:55:41.692763Z 0 [Note] InnoDB: File './ibtmp1' size is now 12 MB.
2019-07-24T16:55:41.694269Z 0 [Note] InnoDB: 96 redo rollback segment(s) found. 96 redo rollback segment(s) are active.
2019-07-24T16:55:41.694300Z 0 [Note] InnoDB: 32 non-redo rollback segment(s) are active.
2019-07-24T16:55:41.694791Z 0 [Note] InnoDB: Waiting for purge to start
2019-07-24T16:55:41.745340Z 0 [Note] InnoDB: 5.7.23 started; log sequence number 3908863
2019-07-24T16:55:41.746151Z 0 [Note] Plugin 'FEDERATED' is disabled.
2019-07-24T16:55:41.748011Z 0 [Warning] Failed to set up SSL because of the following SSL library error: SSL context is not usable without certificate and private key
2019-07-24T16:55:41.748029Z 0 [Note] Server hostname (bind-address): '*'; port: 3306
2019-07-24T16:55:41.748064Z 0 [Note] IPv6 is available.
2019-07-24T16:55:41.748074Z 0 [Note]   - '::' resolves to '::';
2019-07-24T16:55:41.748081Z 0 [Note] Server socket created on IP: '::'.
2019-07-24T16:55:41.754389Z 0 [Note] InnoDB: Loading buffer pool(s) from /var/lib/mysql/ib_buffer_pool
2019-07-24T16:55:41.757510Z 0 [Warning] 'user' entry 'root@localhost' ignored in --skip-name-resolve mode.
2019-07-24T16:55:41.757552Z 0 [Warning] 'user' entry 'mysql.session@localhost' ignored in --skip-name-resolve mode.
2019-07-24T16:55:41.757562Z 0 [Warning] 'user' entry 'mysql.sys@localhost' ignored in --skip-name-resolve mode.
2019-07-24T16:55:41.757582Z 0 [Warning] 'db' entry 'performance_schema mysql.session@localhost' ignored in --skip-name-resolve mode.
2019-07-24T16:55:41.757587Z 0 [Warning] 'db' entry 'sys mysql.sys@localhost' ignored in --skip-name-resolve mode.
2019-07-24T16:55:41.757598Z 0 [Warning] 'proxies_priv' entry '@ root@localhost' ignored in --skip-name-resolve mode.
2019-07-24T16:55:41.760167Z 0 [Warning] 'tables_priv' entry 'user mysql.session@localhost' ignored in --skip-name-resolve mode.
2019-07-24T16:55:41.760189Z 0 [Warning] 'tables_priv' entry 'sys_config mysql.sys@localhost' ignored in --skip-name-resolve mode.
2019-07-24T16:55:41.764363Z 0 [Note] InnoDB: Buffer pool(s) load completed at 190724 16:55:41
2019-07-24T16:55:41.778819Z 0 [Note] Event Scheduler: Loaded 0 events
2019-07-24T16:55:41.783513Z 0 [Note] /usr/sbin/mysqld: ready for connections.
Version: '5.7.23'  socket: '/var/run/mysqld/mysqld.sock'  port: 3306  MySQL Community Server (GPL)
2019-07-24T17:50:31.370652Z 0 [Note] InnoDB: page_cleaner: 1000ms intended loop took 2883296ms. The settings might not be optimal. (flushed=0 and evicted=0, during the time.)
2019-07-24T20:59:44.808736Z 0 [Note] Giving 0 client threads a chance to die gracefully
2019-07-24T20:59:44.809669Z 0 [Note] Shutting down slave threads
2019-07-24T20:59:44.809693Z 0 [Note] Forcefully disconnecting 0 remaining clients
2019-07-24T20:59:44.809704Z 0 [Note] Event Scheduler: Purging the queue. 0 events
2019-07-24T20:59:44.809806Z 0 [Note] Binlog end
2019-07-24T20:59:44.812370Z 0 [Note] Shutting down plugin 'ngram'
2019-07-24T20:59:44.812392Z 0 [Note] Shutting down plugin 'partition'
2019-07-24T20:59:44.812396Z 0 [Note] Shutting down plugin 'BLACKHOLE'
2019-07-24T20:59:44.812399Z 0 [Note] Shutting down plugin 'ARCHIVE'
2019-07-24T20:59:44.812401Z 0 [Note] Shutting down plugin 'PERFORMANCE_SCHEMA'
2019-07-24T20:59:44.812418Z 0 [Note] Shutting down plugin 'MRG_MYISAM'
2019-07-24T20:59:44.812421Z 0 [Note] Shutting down plugin 'MyISAM'
2019-07-24T20:59:44.812431Z 0 [Note] Shutting down plugin 'INNODB_SYS_VIRTUAL'
2019-07-24T20:59:44.812434Z 0 [Note] Shutting down plugin 'INNODB_SYS_DATAFILES'
2019-07-24T20:59:44.812437Z 0 [Note] Shutting down plugin 'INNODB_SYS_TABLESPACES'
2019-07-24T20:59:44.812439Z 0 [Note] Shutting down plugin 'INNODB_SYS_FOREIGN_COLS'
2019-07-24T20:59:44.812441Z 0 [Note] Shutting down plugin 'INNODB_SYS_FOREIGN'
2019-07-24T20:59:44.812443Z 0 [Note] Shutting down plugin 'INNODB_SYS_FIELDS'
2019-07-24T20:59:44.812445Z 0 [Note] Shutting down plugin 'INNODB_SYS_COLUMNS'
2019-07-24T20:59:44.812447Z 0 [Note] Shutting down plugin 'INNODB_SYS_INDEXES'
2019-07-24T20:59:44.812457Z 0 [Note] Shutting down plugin 'INNODB_SYS_TABLESTATS'
2019-07-24T20:59:44.812459Z 0 [Note] Shutting down plugin 'INNODB_SYS_TABLES'
2019-07-24T20:59:44.812461Z 0 [Note] Shutting down plugin 'INNODB_FT_INDEX_TABLE'
2019-07-24T20:59:44.812464Z 0 [Note] Shutting down plugin 'INNODB_FT_INDEX_CACHE'
2019-07-24T20:59:44.812466Z 0 [Note] Shutting down plugin 'INNODB_FT_CONFIG'
2019-07-24T20:59:44.812468Z 0 [Note] Shutting down plugin 'INNODB_FT_BEING_DELETED'
2019-07-24T20:59:44.812470Z 0 [Note] Shutting down plugin 'INNODB_FT_DELETED'
2019-07-24T20:59:44.812472Z 0 [Note] Shutting down plugin 'INNODB_FT_DEFAULT_STOPWORD'
2019-07-24T20:59:44.812475Z 0 [Note] Shutting down plugin 'INNODB_METRICS'
2019-07-24T20:59:44.812477Z 0 [Note] Shutting down plugin 'INNODB_TEMP_TABLE_INFO'
2019-07-24T20:59:44.812479Z 0 [Note] Shutting down plugin 'INNODB_BUFFER_POOL_STATS'
2019-07-24T20:59:44.812481Z 0 [Note] Shutting down plugin 'INNODB_BUFFER_PAGE_LRU'
2019-07-24T20:59:44.812483Z 0 [Note] Shutting down plugin 'INNODB_BUFFER_PAGE'
2019-07-24T20:59:44.812485Z 0 [Note] Shutting down plugin 'INNODB_CMP_PER_INDEX_RESET'
2019-07-24T20:59:44.812488Z 0 [Note] Shutting down plugin 'INNODB_CMP_PER_INDEX'
2019-07-24T20:59:44.812490Z 0 [Note] Shutting down plugin 'INNODB_CMPMEM_RESET'
2019-07-24T20:59:44.812492Z 0 [Note] Shutting down plugin 'INNODB_CMPMEM'
2019-07-24T20:59:44.812494Z 0 [Note] Shutting down plugin 'INNODB_CMP_RESET'
2019-07-24T20:59:44.812496Z 0 [Note] Shutting down plugin 'INNODB_CMP'
2019-07-24T20:59:44.812498Z 0 [Note] Shutting down plugin 'INNODB_LOCK_WAITS'
2019-07-24T20:59:44.812500Z 0 [Note] Shutting down plugin 'INNODB_LOCKS'
2019-07-24T20:59:44.812503Z 0 [Note] Shutting down plugin 'INNODB_TRX'
2019-07-24T20:59:44.812505Z 0 [Note] Shutting down plugin 'InnoDB'
2019-07-24T20:59:44.812589Z 0 [Note] InnoDB: FTS optimize thread exiting.
2019-07-24T20:59:44.812732Z 0 [Note] InnoDB: Starting shutdown...
2019-07-24T20:59:44.914183Z 0 [Note] InnoDB: Dumping buffer pool(s) to /var/lib/mysql/ib_buffer_pool
2019-07-24T20:59:44.914462Z 0 [Note] InnoDB: Buffer pool(s) dump completed at 190724 20:59:44
2019-07-24T20:59:46.127320Z 0 [Note] InnoDB: Shutdown completed; log sequence number 4151210
2019-07-24T20:59:46.128542Z 0 [Note] InnoDB: Removed temporary tablespace data file: "ibtmp1"
2019-07-24T20:59:46.128580Z 0 [Note] Shutting down plugin 'MEMORY'
2019-07-24T20:59:46.128593Z 0 [Note] Shutting down plugin 'CSV'
2019-07-24T20:59:46.128600Z 0 [Note] Shutting down plugin 'sha256_password'
2019-07-24T20:59:46.128605Z 0 [Note] Shutting down plugin 'mysql_native_password'
2019-07-24T20:59:46.128919Z 0 [Note] Shutting down plugin 'binlog'
2019-07-24T20:59:46.129955Z 0 [Note] /usr/sbin/mysqld: Shutdown complete

2019-07-26T14:07:22.484154Z 0 [Warning] TIMESTAMP with implicit DEFAULT value is deprecated. Please use --explicit_defaults_for_timestamp server option (see documentation for more details).
2019-07-26T14:07:22.490967Z 0 [Note] /usr/sbin/mysqld (mysqld 5.7.23) starting as process 81 ...
2019-07-26T14:07:22.547229Z 0 [Note] InnoDB: PUNCH HOLE support available
2019-07-26T14:07:22.547301Z 0 [Note] InnoDB: Mutexes and rw_locks use GCC atomic builtins
2019-07-26T14:07:22.547314Z 0 [Note] InnoDB: Uses event mutexes
2019-07-26T14:07:22.547321Z 0 [Note] InnoDB: GCC builtin __atomic_thread_fence() is used for memory barrier
2019-07-26T14:07:22.547327Z 0 [Note] InnoDB: Compressed tables use zlib 1.2.3
2019-07-26T14:07:22.547336Z 0 [Note] InnoDB: Using Linux native AIO
2019-07-26T14:07:22.553683Z 0 [Note] InnoDB: Number of pools: 1
2019-07-26T14:07:22.558867Z 0 [Note] InnoDB: Using CPU crc32 instructions
2019-07-26T14:07:22.562904Z 0 [Note] InnoDB: Initializing buffer pool, total size = 32M, instances = 1, chunk size = 32M
2019-07-26T14:07:22.573020Z 0 [Note] InnoDB: Completed initialization of buffer pool
2019-07-26T14:07:22.578441Z 0 [Note] InnoDB: If the mysqld execution user is authorized, page cleaner thread priority can be changed. See the man page of setpriority().
2019-07-26T14:07:22.605672Z 0 [Note] InnoDB: Highest supported file format is Barracuda.
2019-07-26T14:07:22.658907Z 0 [Note] InnoDB: Creating shared tablespace for temporary tables
2019-07-26T14:07:22.658995Z 0 [Note] InnoDB: Setting file './ibtmp1' size to 12 MB. Physically writing the file full; Please wait ...
2019-07-26T14:07:22.707245Z 0 [Note] InnoDB: File './ibtmp1' size is now 12 MB.
2019-07-26T14:07:22.708062Z 0 [Note] InnoDB: 96 redo rollback segment(s) found. 96 redo rollback segment(s) are active.
2019-07-26T14:07:22.708087Z 0 [Note] InnoDB: 32 non-redo rollback segment(s) are active.
2019-07-26T14:07:22.708690Z 0 [Note] InnoDB: Waiting for purge to start
2019-07-26T14:07:22.759079Z 0 [Note] InnoDB: 5.7.23 started; log sequence number 4151210
2019-07-26T14:07:22.760119Z 0 [Note] Plugin 'FEDERATED' is disabled.
2019-07-26T14:07:22.761720Z 0 [Note] InnoDB: Loading buffer pool(s) from /var/lib/mysql/ib_buffer_pool
2019-07-26T14:07:22.776026Z 0 [Warning] Failed to set up SSL because of the following SSL library error: SSL context is not usable without certificate and private key
2019-07-26T14:07:22.776049Z 0 [Note] Server hostname (bind-address): '*'; port: 3306
2019-07-26T14:07:22.777077Z 0 [Note] IPv6 is available.
2019-07-26T14:07:22.778174Z 0 [Note]   - '::' resolves to '::';
2019-07-26T14:07:22.778205Z 0 [Note] Server socket created on IP: '::'.
2019-07-26T14:07:22.808293Z 0 [Warning] 'user' entry 'root@localhost' ignored in --skip-name-resolve mode.
2019-07-26T14:07:22.808348Z 0 [Warning] 'user' entry 'mysql.session@localhost' ignored in --skip-name-resolve mode.
2019-07-26T14:07:22.808358Z 0 [Warning] 'user' entry 'mysql.sys@localhost' ignored in --skip-name-resolve mode.
2019-07-26T14:07:22.809088Z 0 [Warning] 'db' entry 'performance_schema mysql.session@localhost' ignored in --skip-name-resolve mode.
2019-07-26T14:07:22.809099Z 0 [Warning] 'db' entry 'sys mysql.sys@localhost' ignored in --skip-name-resolve mode.
2019-07-26T14:07:22.810038Z 0 [Warning] 'proxies_priv' entry '@ root@localhost' ignored in --skip-name-resolve mode.
2019-07-26T14:07:22.834111Z 0 [Note] InnoDB: Buffer pool(s) load completed at 190726 14:07:22
2019-07-26T14:07:22.840234Z 0 [Warning] 'tables_priv' entry 'user mysql.session@localhost' ignored in --skip-name-resolve mode.
2019-07-26T14:07:22.840258Z 0 [Warning] 'tables_priv' entry 'sys_config mysql.sys@localhost' ignored in --skip-name-resolve mode.
2019-07-26T14:07:22.894979Z 0 [Note] Event Scheduler: Loaded 0 events
2019-07-26T14:07:22.899161Z 0 [Note] /usr/sbin/mysqld: ready for connections.
Version: '5.7.23'  socket: '/var/run/mysqld/mysqld.sock'  port: 3306  MySQL Community Server (GPL)
2019-07-26T19:33:57.986550Z 0 [Note] InnoDB: page_cleaner: 1000ms intended loop took 763100ms. The settings might not be optimal. (flushed=0 and evicted=0, during the time.)
2019-07-26T20:34:38.320912Z 0 [Note] Giving 0 client threads a chance to die gracefully
2019-07-26T20:34:38.321753Z 0 [Note] Shutting down slave threads
2019-07-26T20:34:38.321777Z 0 [Note] Forcefully disconnecting 0 remaining clients
2019-07-26T20:34:38.321796Z 0 [Note] Event Scheduler: Purging the queue. 0 events
2019-07-26T20:34:38.323130Z 0 [Note] Binlog end
2019-07-26T20:34:38.347472Z 0 [Note] Shutting down plugin 'ngram'
2019-07-26T20:34:38.347513Z 0 [Note] Shutting down plugin 'partition'
2019-07-26T20:34:38.347521Z 0 [Note] Shutting down plugin 'BLACKHOLE'
2019-07-26T20:34:38.347526Z 0 [Note] Shutting down plugin 'ARCHIVE'
2019-07-26T20:34:38.347530Z 0 [Note] Shutting down plugin 'PERFORMANCE_SCHEMA'
2019-07-26T20:34:38.347557Z 0 [Note] Shutting down plugin 'MRG_MYISAM'
2019-07-26T20:34:38.347563Z 0 [Note] Shutting down plugin 'MyISAM'
2019-07-26T20:34:38.347577Z 0 [Note] Shutting down plugin 'INNODB_SYS_VIRTUAL'
2019-07-26T20:34:38.347584Z 0 [Note] Shutting down plugin 'INNODB_SYS_DATAFILES'
2019-07-26T20:34:38.347587Z 0 [Note] Shutting down plugin 'INNODB_SYS_TABLESPACES'
2019-07-26T20:34:38.347591Z 0 [Note] Shutting down plugin 'INNODB_SYS_FOREIGN_COLS'
2019-07-26T20:34:38.347595Z 0 [Note] Shutting down plugin 'INNODB_SYS_FOREIGN'
2019-07-26T20:34:38.347599Z 0 [Note] Shutting down plugin 'INNODB_SYS_FIELDS'
2019-07-26T20:34:38.347616Z 0 [Note] Shutting down plugin 'INNODB_SYS_COLUMNS'
2019-07-26T20:34:38.347620Z 0 [Note] Shutting down plugin 'INNODB_SYS_INDEXES'
2019-07-26T20:34:38.347624Z 0 [Note] Shutting down plugin 'INNODB_SYS_TABLESTATS'
2019-07-26T20:34:38.347628Z 0 [Note] Shutting down plugin 'INNODB_SYS_TABLES'
2019-07-26T20:34:38.347632Z 0 [Note] Shutting down plugin 'INNODB_FT_INDEX_TABLE'
2019-07-26T20:34:38.347635Z 0 [Note] Shutting down plugin 'INNODB_FT_INDEX_CACHE'
2019-07-26T20:34:38.347639Z 0 [Note] Shutting down plugin 'INNODB_FT_CONFIG'
2019-07-26T20:34:38.347643Z 0 [Note] Shutting down plugin 'INNODB_FT_BEING_DELETED'
2019-07-26T20:34:38.347646Z 0 [Note] Shutting down plugin 'INNODB_FT_DELETED'
2019-07-26T20:34:38.347650Z 0 [Note] Shutting down plugin 'INNODB_FT_DEFAULT_STOPWORD'
2019-07-26T20:34:38.347654Z 0 [Note] Shutting down plugin 'INNODB_METRICS'
2019-07-26T20:34:38.347658Z 0 [Note] Shutting down plugin 'INNODB_TEMP_TABLE_INFO'
2019-07-26T20:34:38.347662Z 0 [Note] Shutting down plugin 'INNODB_BUFFER_POOL_STATS'
2019-07-26T20:34:38.347666Z 0 [Note] Shutting down plugin 'INNODB_BUFFER_PAGE_LRU'
2019-07-26T20:34:38.347669Z 0 [Note] Shutting down plugin 'INNODB_BUFFER_PAGE'
2019-07-26T20:34:38.347674Z 0 [Note] Shutting down plugin 'INNODB_CMP_PER_INDEX_RESET'
2019-07-26T20:34:38.347678Z 0 [Note] Shutting down plugin 'INNODB_CMP_PER_INDEX'
2019-07-26T20:34:38.347682Z 0 [Note] Shutting down plugin 'INNODB_CMPMEM_RESET'
2019-07-26T20:34:38.347686Z 0 [Note] Shutting down plugin 'INNODB_CMPMEM'
2019-07-26T20:34:38.347690Z 0 [Note] Shutting down plugin 'INNODB_CMP_RESET'
2019-07-26T20:34:38.347694Z 0 [Note] Shutting down plugin 'INNODB_CMP'
2019-07-26T20:34:38.347698Z 0 [Note] Shutting down plugin 'INNODB_LOCK_WAITS'
2019-07-26T20:34:38.347702Z 0 [Note] Shutting down plugin 'INNODB_LOCKS'
2019-07-26T20:34:38.347706Z 0 [Note] Shutting down plugin 'INNODB_TRX'
2019-07-26T20:34:38.347710Z 0 [Note] Shutting down plugin 'InnoDB'
2019-07-26T20:34:38.347878Z 0 [Note] InnoDB: FTS optimize thread exiting.
2019-07-26T20:34:38.348145Z 0 [Note] InnoDB: Starting shutdown...
2019-07-26T20:34:38.448510Z 0 [Note] InnoDB: Dumping buffer pool(s) to /var/lib/mysql/ib_buffer_pool
2019-07-26T20:34:38.449025Z 0 [Note] InnoDB: Buffer pool(s) dump completed at 190726 20:34:38
2019-07-26T20:34:39.533260Z 0 [Note] InnoDB: Shutdown completed; log sequence number 5236718
2019-07-26T20:34:39.537729Z 0 [Note] InnoDB: Removed temporary tablespace data file: "ibtmp1"
2019-07-26T20:34:39.537771Z 0 [Note] Shutting down plugin 'MEMORY'
2019-07-26T20:34:39.537780Z 0 [Note] Shutting down plugin 'CSV'
2019-07-26T20:34:39.537787Z 0 [Note] Shutting down plugin 'sha256_password'
2019-07-26T20:34:39.537791Z 0 [Note] Shutting down plugin 'mysql_native_password'
2019-07-26T20:34:39.538060Z 0 [Note] Shutting down plugin 'binlog'
2019-07-26T20:34:39.539321Z 0 [Note] /usr/sbin/mysqld: Shutdown complete

2019-07-29T13:46:29.128880Z 0 [Warning] TIMESTAMP with implicit DEFAULT value is deprecated. Please use --explicit_defaults_for_timestamp server option (see documentation for more details).
2019-07-29T13:46:29.143604Z 0 [Note] /usr/sbin/mysqld (mysqld 5.7.23) starting as process 84 ...
2019-07-29T13:46:29.210354Z 0 [Note] InnoDB: PUNCH HOLE support available
2019-07-29T13:46:29.210388Z 0 [Note] InnoDB: Mutexes and rw_locks use GCC atomic builtins
2019-07-29T13:46:29.210392Z 0 [Note] InnoDB: Uses event mutexes
2019-07-29T13:46:29.210396Z 0 [Note] InnoDB: GCC builtin __atomic_thread_fence() is used for memory barrier
2019-07-29T13:46:29.210399Z 0 [Note] InnoDB: Compressed tables use zlib 1.2.3
2019-07-29T13:46:29.210402Z 0 [Note] InnoDB: Using Linux native AIO
2019-07-29T13:46:29.217229Z 0 [Note] InnoDB: Number of pools: 1
2019-07-29T13:46:29.221482Z 0 [Note] InnoDB: Using CPU crc32 instructions
2019-07-29T13:46:29.225061Z 0 [Note] InnoDB: Initializing buffer pool, total size = 32M, instances = 1, chunk size = 32M
2019-07-29T13:46:29.232094Z 0 [Note] InnoDB: Completed initialization of buffer pool
2019-07-29T13:46:29.241858Z 0 [Note] InnoDB: If the mysqld execution user is authorized, page cleaner thread priority can be changed. See the man page of setpriority().
2019-07-29T13:46:29.285254Z 0 [Note] InnoDB: Highest supported file format is Barracuda.
2019-07-29T13:46:29.351104Z 0 [Note] InnoDB: Creating shared tablespace for temporary tables
2019-07-29T13:46:29.351221Z 0 [Note] InnoDB: Setting file './ibtmp1' size to 12 MB. Physically writing the file full; Please wait ...
2019-07-29T13:46:29.385376Z 0 [Note] InnoDB: File './ibtmp1' size is now 12 MB.
2019-07-29T13:46:29.386312Z 0 [Note] InnoDB: 96 redo rollback segment(s) found. 96 redo rollback segment(s) are active.
2019-07-29T13:46:29.386345Z 0 [Note] InnoDB: 32 non-redo rollback segment(s) are active.
2019-07-29T13:46:29.386882Z 0 [Note] InnoDB: Waiting for purge to start
2019-07-29T13:46:29.437273Z 0 [Note] InnoDB: 5.7.23 started; log sequence number 5236718
2019-07-29T13:46:29.438989Z 0 [Note] Plugin 'FEDERATED' is disabled.
2019-07-29T13:46:29.439573Z 0 [Note] InnoDB: Loading buffer pool(s) from /var/lib/mysql/ib_buffer_pool
2019-07-29T13:46:29.483361Z 0 [Warning] Failed to set up SSL because of the following SSL library error: SSL context is not usable without certificate and private key
2019-07-29T13:46:29.483409Z 0 [Note] Server hostname (bind-address): '*'; port: 3306
2019-07-29T13:46:29.487088Z 0 [Note] IPv6 is available.
2019-07-29T13:46:29.489370Z 0 [Note]   - '::' resolves to '::';
2019-07-29T13:46:29.489429Z 0 [Note] Server socket created on IP: '::'.
2019-07-29T13:46:29.559835Z 0 [Warning] 'user' entry 'root@localhost' ignored in --skip-name-resolve mode.
2019-07-29T13:46:29.559882Z 0 [Warning] 'user' entry 'mysql.session@localhost' ignored in --skip-name-resolve mode.
2019-07-29T13:46:29.559892Z 0 [Warning] 'user' entry 'mysql.sys@localhost' ignored in --skip-name-resolve mode.
2019-07-29T13:46:29.560508Z 0 [Warning] 'db' entry 'performance_schema mysql.session@localhost' ignored in --skip-name-resolve mode.
2019-07-29T13:46:29.560527Z 0 [Warning] 'db' entry 'sys mysql.sys@localhost' ignored in --skip-name-resolve mode.
2019-07-29T13:46:29.562157Z 0 [Warning] 'proxies_priv' entry '@ root@localhost' ignored in --skip-name-resolve mode.
2019-07-29T13:46:29.572021Z 0 [Note] InnoDB: Buffer pool(s) load completed at 190729 13:46:29
2019-07-29T13:46:29.576754Z 0 [Warning] 'tables_priv' entry 'user mysql.session@localhost' ignored in --skip-name-resolve mode.
2019-07-29T13:46:29.576780Z 0 [Warning] 'tables_priv' entry 'sys_config mysql.sys@localhost' ignored in --skip-name-resolve mode.
2019-07-29T13:46:29.667856Z 0 [Note] Event Scheduler: Loaded 0 events
2019-07-29T13:46:29.671676Z 0 [Note] /usr/sbin/mysqld: ready for connections.
Version: '5.7.23'  socket: '/var/run/mysqld/mysqld.sock'  port: 3306  MySQL Community Server (GPL)
2019-07-29T17:26:48.691370Z 0 [Note] InnoDB: page_cleaner: 1000ms intended loop took 532135ms. The settings might not be optimal. (flushed=0 and evicted=0, during the time.)
2019-07-29T17:51:06.384040Z 0 [Note] InnoDB: page_cleaner: 1000ms intended loop took 1437655ms. The settings might not be optimal. (flushed=0 and evicted=0, during the time.)
2019-07-29T19:18:59.704378Z 0 [Note] InnoDB: page_cleaner: 1000ms intended loop took 4344039ms. The settings might not be optimal. (flushed=0 and evicted=0, during the time.)
2019-07-29T21:52:19.471679Z 0 [Note] Giving 0 client threads a chance to die gracefully
2019-07-29T21:52:19.472494Z 0 [Note] Shutting down slave threads
2019-07-29T21:52:19.472519Z 0 [Note] Forcefully disconnecting 0 remaining clients
2019-07-29T21:52:19.472530Z 0 [Note] Event Scheduler: Purging the queue. 0 events
2019-07-29T21:52:19.480386Z 0 [Note] Binlog end
2019-07-29T21:52:19.497013Z 0 [Note] Shutting down plugin 'ngram'
2019-07-29T21:52:19.497044Z 0 [Note] Shutting down plugin 'partition'
2019-07-29T21:52:19.497051Z 0 [Note] Shutting down plugin 'BLACKHOLE'
2019-07-29T21:52:19.497057Z 0 [Note] Shutting down plugin 'ARCHIVE'
2019-07-29T21:52:19.497061Z 0 [Note] Shutting down plugin 'PERFORMANCE_SCHEMA'
2019-07-29T21:52:19.497086Z 0 [Note] Shutting down plugin 'MRG_MYISAM'
2019-07-29T21:52:19.497103Z 0 [Note] Shutting down plugin 'MyISAM'
2019-07-29T21:52:19.497116Z 0 [Note] Shutting down plugin 'INNODB_SYS_VIRTUAL'
2019-07-29T21:52:19.497121Z 0 [Note] Shutting down plugin 'INNODB_SYS_DATAFILES'
2019-07-29T21:52:19.497125Z 0 [Note] Shutting down plugin 'INNODB_SYS_TABLESPACES'
2019-07-29T21:52:19.497129Z 0 [Note] Shutting down plugin 'INNODB_SYS_FOREIGN_COLS'
2019-07-29T21:52:19.497133Z 0 [Note] Shutting down plugin 'INNODB_SYS_FOREIGN'
2019-07-29T21:52:19.497137Z 0 [Note] Shutting down plugin 'INNODB_SYS_FIELDS'
2019-07-29T21:52:19.497141Z 0 [Note] Shutting down plugin 'INNODB_SYS_COLUMNS'
2019-07-29T21:52:19.497144Z 0 [Note] Shutting down plugin 'INNODB_SYS_INDEXES'
2019-07-29T21:52:19.497148Z 0 [Note] Shutting down plugin 'INNODB_SYS_TABLESTATS'
2019-07-29T21:52:19.497151Z 0 [Note] Shutting down plugin 'INNODB_SYS_TABLES'
2019-07-29T21:52:19.497155Z 0 [Note] Shutting down plugin 'INNODB_FT_INDEX_TABLE'
2019-07-29T21:52:19.497159Z 0 [Note] Shutting down plugin 'INNODB_FT_INDEX_CACHE'
2019-07-29T21:52:19.497163Z 0 [Note] Shutting down plugin 'INNODB_FT_CONFIG'
2019-07-29T21:52:19.497167Z 0 [Note] Shutting down plugin 'INNODB_FT_BEING_DELETED'
2019-07-29T21:52:19.497171Z 0 [Note] Shutting down plugin 'INNODB_FT_DELETED'
2019-07-29T21:52:19.497175Z 0 [Note] Shutting down plugin 'INNODB_FT_DEFAULT_STOPWORD'
2019-07-29T21:52:19.497179Z 0 [Note] Shutting down plugin 'INNODB_METRICS'
2019-07-29T21:52:19.497183Z 0 [Note] Shutting down plugin 'INNODB_TEMP_TABLE_INFO'
2019-07-29T21:52:19.497186Z 0 [Note] Shutting down plugin 'INNODB_BUFFER_POOL_STATS'
2019-07-29T21:52:19.497190Z 0 [Note] Shutting down plugin 'INNODB_BUFFER_PAGE_LRU'
2019-07-29T21:52:19.497194Z 0 [Note] Shutting down plugin 'INNODB_BUFFER_PAGE'
2019-07-29T21:52:19.497198Z 0 [Note] Shutting down plugin 'INNODB_CMP_PER_INDEX_RESET'
2019-07-29T21:52:19.497202Z 0 [Note] Shutting down plugin 'INNODB_CMP_PER_INDEX'
2019-07-29T21:52:19.497205Z 0 [Note] Shutting down plugin 'INNODB_CMPMEM_RESET'
2019-07-29T21:52:19.497209Z 0 [Note] Shutting down plugin 'INNODB_CMPMEM'
2019-07-29T21:52:19.497213Z 0 [Note] Shutting down plugin 'INNODB_CMP_RESET'
2019-07-29T21:52:19.497217Z 0 [Note] Shutting down plugin 'INNODB_CMP'
2019-07-29T21:52:19.497221Z 0 [Note] Shutting down plugin 'INNODB_LOCK_WAITS'
2019-07-29T21:52:19.497225Z 0 [Note] Shutting down plugin 'INNODB_LOCKS'
2019-07-29T21:52:19.497229Z 0 [Note] Shutting down plugin 'INNODB_TRX'
2019-07-29T21:52:19.497233Z 0 [Note] Shutting down plugin 'InnoDB'
2019-07-29T21:52:19.497299Z 0 [Note] InnoDB: FTS optimize thread exiting.
2019-07-29T21:52:19.497585Z 0 [Note] InnoDB: Starting shutdown...
2019-07-29T21:52:19.597878Z 0 [Note] InnoDB: Dumping buffer pool(s) to /var/lib/mysql/ib_buffer_pool
2019-07-29T21:52:19.598155Z 0 [Note] InnoDB: Buffer pool(s) dump completed at 190729 21:52:19
2019-07-29T21:52:21.328144Z 0 [Note] InnoDB: Shutdown completed; log sequence number 6092631
2019-07-29T21:52:21.331567Z 0 [Note] InnoDB: Removed temporary tablespace data file: "ibtmp1"
2019-07-29T21:52:21.331612Z 0 [Note] Shutting down plugin 'MEMORY'
2019-07-29T21:52:21.331620Z 0 [Note] Shutting down plugin 'CSV'
2019-07-29T21:52:21.331625Z 0 [Note] Shutting down plugin 'sha256_password'
2019-07-29T21:52:21.331629Z 0 [Note] Shutting down plugin 'mysql_native_password'
2019-07-29T21:52:21.331782Z 0 [Note] Shutting down plugin 'binlog'
2019-07-29T21:52:21.332627Z 0 [Note] /usr/sbin/mysqld: Shutdown complete

2019-07-30T20:54:01.436105Z 0 [Warning] TIMESTAMP with implicit DEFAULT value is deprecated. Please use --explicit_defaults_for_timestamp server option (see documentation for more details).
2019-07-30T20:54:01.441788Z 0 [Note] /usr/sbin/mysqld (mysqld 5.7.23) starting as process 77 ...
2019-07-30T20:54:01.488227Z 0 [Note] InnoDB: PUNCH HOLE support available
2019-07-30T20:54:01.488282Z 0 [Note] InnoDB: Mutexes and rw_locks use GCC atomic builtins
2019-07-30T20:54:01.488292Z 0 [Note] InnoDB: Uses event mutexes
2019-07-30T20:54:01.488299Z 0 [Note] InnoDB: GCC builtin __atomic_thread_fence() is used for memory barrier
2019-07-30T20:54:01.488315Z 0 [Note] InnoDB: Compressed tables use zlib 1.2.3
2019-07-30T20:54:01.488322Z 0 [Note] InnoDB: Using Linux native AIO
2019-07-30T20:54:01.493871Z 0 [Note] InnoDB: Number of pools: 1
2019-07-30T20:54:01.524957Z 0 [Note] InnoDB: Using CPU crc32 instructions
2019-07-30T20:54:01.531237Z 0 [Note] InnoDB: Initializing buffer pool, total size = 32M, instances = 1, chunk size = 32M
2019-07-30T20:54:01.558316Z 0 [Note] InnoDB: Completed initialization of buffer pool
2019-07-30T20:54:01.574041Z 0 [Note] InnoDB: If the mysqld execution user is authorized, page cleaner thread priority can be changed. See the man page of setpriority().
2019-07-30T20:54:01.621677Z 0 [Note] InnoDB: Highest supported file format is Barracuda.
2019-07-30T20:54:01.723961Z 0 [Note] InnoDB: Creating shared tablespace for temporary tables
2019-07-30T20:54:01.724050Z 0 [Note] InnoDB: Setting file './ibtmp1' size to 12 MB. Physically writing the file full; Please wait ...
2019-07-30T20:54:01.764529Z 0 [Note] InnoDB: File './ibtmp1' size is now 12 MB.
2019-07-30T20:54:01.765148Z 0 [Note] InnoDB: 96 redo rollback segment(s) found. 96 redo rollback segment(s) are active.
2019-07-30T20:54:01.765158Z 0 [Note] InnoDB: 32 non-redo rollback segment(s) are active.
2019-07-30T20:54:01.765655Z 0 [Note] InnoDB: Waiting for purge to start
2019-07-30T20:54:01.815913Z 0 [Note] InnoDB: 5.7.23 started; log sequence number 6092631
2019-07-30T20:54:01.819254Z 0 [Note] InnoDB: Loading buffer pool(s) from /var/lib/mysql/ib_buffer_pool
2019-07-30T20:54:01.822603Z 0 [Note] Plugin 'FEDERATED' is disabled.
2019-07-30T20:54:01.914869Z 0 [Warning] Failed to set up SSL because of the following SSL library error: SSL context is not usable without certificate and private key
2019-07-30T20:54:01.914893Z 0 [Note] Server hostname (bind-address): '*'; port: 3306
2019-07-30T20:54:01.919768Z 0 [Note] IPv6 is available.
2019-07-30T20:54:01.920738Z 0 [Note]   - '::' resolves to '::';
2019-07-30T20:54:01.920767Z 0 [Note] Server socket created on IP: '::'.
2019-07-30T20:54:02.019259Z 0 [Warning] 'user' entry 'root@localhost' ignored in --skip-name-resolve mode.
2019-07-30T20:54:02.019319Z 0 [Warning] 'user' entry 'mysql.session@localhost' ignored in --skip-name-resolve mode.
2019-07-30T20:54:02.019329Z 0 [Warning] 'user' entry 'mysql.sys@localhost' ignored in --skip-name-resolve mode.
2019-07-30T20:54:02.024437Z 0 [Warning] 'db' entry 'performance_schema mysql.session@localhost' ignored in --skip-name-resolve mode.
2019-07-30T20:54:02.024458Z 0 [Warning] 'db' entry 'sys mysql.sys@localhost' ignored in --skip-name-resolve mode.
2019-07-30T20:54:02.029696Z 0 [Warning] 'proxies_priv' entry '@ root@localhost' ignored in --skip-name-resolve mode.
2019-07-30T20:54:02.101375Z 0 [Note] InnoDB: Buffer pool(s) load completed at 190730 20:54:02
2019-07-30T20:54:02.114657Z 0 [Warning] 'tables_priv' entry 'user mysql.session@localhost' ignored in --skip-name-resolve mode.
2019-07-30T20:54:02.114682Z 0 [Warning] 'tables_priv' entry 'sys_config mysql.sys@localhost' ignored in --skip-name-resolve mode.
2019-07-30T20:54:02.223650Z 0 [Note] Event Scheduler: Loaded 0 events
2019-07-30T20:54:02.231225Z 0 [Note] /usr/sbin/mysqld: ready for connections.
Version: '5.7.23'  socket: '/var/run/mysqld/mysqld.sock'  port: 3306  MySQL Community Server (GPL)
2019-07-31T13:15:23.554481Z 0 [Warning] TIMESTAMP with implicit DEFAULT value is deprecated. Please use --explicit_defaults_for_timestamp server option (see documentation for more details).
2019-07-31T13:15:23.615885Z 0 [Note] /usr/sbin/mysqld (mysqld 5.7.23) starting as process 88 ...
2019-07-31T13:15:23.761978Z 0 [Note] InnoDB: PUNCH HOLE support available
2019-07-31T13:15:23.762042Z 0 [Note] InnoDB: Mutexes and rw_locks use GCC atomic builtins
2019-07-31T13:15:23.762051Z 0 [Note] InnoDB: Uses event mutexes
2019-07-31T13:15:23.762058Z 0 [Note] InnoDB: GCC builtin __atomic_thread_fence() is used for memory barrier
2019-07-31T13:15:23.762064Z 0 [Note] InnoDB: Compressed tables use zlib 1.2.3
2019-07-31T13:15:23.762078Z 0 [Note] InnoDB: Using Linux native AIO
2019-07-31T13:15:23.766790Z 0 [Note] InnoDB: Number of pools: 1
2019-07-31T13:15:23.787742Z 0 [Note] InnoDB: Using CPU crc32 instructions
2019-07-31T13:15:23.815366Z 0 [Note] InnoDB: Initializing buffer pool, total size = 32M, instances = 1, chunk size = 32M
2019-07-31T13:15:23.840560Z 0 [Note] InnoDB: Completed initialization of buffer pool
2019-07-31T13:15:23.856604Z 0 [Note] InnoDB: If the mysqld execution user is authorized, page cleaner thread priority can be changed. See the man page of setpriority().
2019-07-31T13:15:24.010461Z 0 [Note] InnoDB: Highest supported file format is Barracuda.
2019-07-31T13:15:24.462637Z 0 [Note] InnoDB: Creating shared tablespace for temporary tables
2019-07-31T13:15:24.462749Z 0 [Note] InnoDB: Setting file './ibtmp1' size to 12 MB. Physically writing the file full; Please wait ...
2019-07-31T13:15:24.548848Z 0 [Note] InnoDB: File './ibtmp1' size is now 12 MB.
2019-07-31T13:15:24.549487Z 0 [Note] InnoDB: 96 redo rollback segment(s) found. 96 redo rollback segment(s) are active.
2019-07-31T13:15:24.549500Z 0 [Note] InnoDB: 32 non-redo rollback segment(s) are active.
2019-07-31T13:15:24.554073Z 0 [Note] InnoDB: Waiting for purge to start
2019-07-31T13:15:24.608163Z 0 [Note] InnoDB: 5.7.23 started; log sequence number 6789914
2019-07-31T13:15:24.614461Z 0 [Note] Plugin 'FEDERATED' is disabled.
2019-07-31T13:15:24.615481Z 0 [Note] InnoDB: Loading buffer pool(s) from /var/lib/mysql/ib_buffer_pool
2019-07-31T13:15:24.738643Z 0 [Warning] Failed to set up SSL because of the following SSL library error: SSL context is not usable without certificate and private key
2019-07-31T13:15:24.738727Z 0 [Note] Server hostname (bind-address): '*'; port: 3306
2019-07-31T13:15:24.741606Z 0 [Note] IPv6 is available.
2019-07-31T13:15:24.745835Z 0 [Note]   - '::' resolves to '::';
2019-07-31T13:15:24.745872Z 0 [Note] Server socket created on IP: '::'.
2019-07-31T13:15:24.878412Z 0 [Warning] 'user' entry 'root@localhost' ignored in --skip-name-resolve mode.
2019-07-31T13:15:24.878455Z 0 [Warning] 'user' entry 'mysql.session@localhost' ignored in --skip-name-resolve mode.
2019-07-31T13:15:24.878463Z 0 [Warning] 'user' entry 'mysql.sys@localhost' ignored in --skip-name-resolve mode.
2019-07-31T13:15:24.879133Z 0 [Warning] 'db' entry 'performance_schema mysql.session@localhost' ignored in --skip-name-resolve mode.
2019-07-31T13:15:24.879146Z 0 [Warning] 'db' entry 'sys mysql.sys@localhost' ignored in --skip-name-resolve mode.
2019-07-31T13:15:24.879585Z 0 [Warning] 'proxies_priv' entry '@ root@localhost' ignored in --skip-name-resolve mode.
2019-07-31T13:15:24.890585Z 0 [Note] InnoDB: Buffer pool(s) load completed at 190731 13:15:24
2019-07-31T13:15:24.895921Z 0 [Warning] 'tables_priv' entry 'user mysql.session@localhost' ignored in --skip-name-resolve mode.
2019-07-31T13:15:24.895945Z 0 [Warning] 'tables_priv' entry 'sys_config mysql.sys@localhost' ignored in --skip-name-resolve mode.
2019-07-31T13:15:25.078740Z 0 [Note] Event Scheduler: Loaded 0 events
2019-07-31T13:15:25.100909Z 0 [Note] /usr/sbin/mysqld: ready for connections.
Version: '5.7.23'  socket: '/var/run/mysqld/mysqld.sock'  port: 3306  MySQL Community Server (GPL)
2019-07-31T14:15:43.282763Z 0 [Note] Giving 0 client threads a chance to die gracefully
2019-07-31T14:15:43.283346Z 0 [Note] Shutting down slave threads
2019-07-31T14:15:43.283368Z 0 [Note] Forcefully disconnecting 0 remaining clients
2019-07-31T14:15:43.283387Z 0 [Note] Event Scheduler: Purging the queue. 0 events
2019-07-31T14:15:43.283485Z 0 [Note] Binlog end
2019-07-31T14:15:43.297220Z 0 [Note] Shutting down plugin 'ngram'
2019-07-31T14:15:43.297250Z 0 [Note] Shutting down plugin 'partition'
2019-07-31T14:15:43.297258Z 0 [Note] Shutting down plugin 'BLACKHOLE'
2019-07-31T14:15:43.297265Z 0 [Note] Shutting down plugin 'ARCHIVE'
2019-07-31T14:15:43.297269Z 0 [Note] Shutting down plugin 'PERFORMANCE_SCHEMA'
2019-07-31T14:15:43.297299Z 0 [Note] Shutting down plugin 'MRG_MYISAM'
2019-07-31T14:15:43.297309Z 0 [Note] Shutting down plugin 'MyISAM'
2019-07-31T14:15:43.297332Z 0 [Note] Shutting down plugin 'INNODB_SYS_VIRTUAL'
2019-07-31T14:15:43.297341Z 0 [Note] Shutting down plugin 'INNODB_SYS_DATAFILES'
2019-07-31T14:15:43.297346Z 0 [Note] Shutting down plugin 'INNODB_SYS_TABLESPACES'
2019-07-31T14:15:43.297350Z 0 [Note] Shutting down plugin 'INNODB_SYS_FOREIGN_COLS'
2019-07-31T14:15:43.297354Z 0 [Note] Shutting down plugin 'INNODB_SYS_FOREIGN'
2019-07-31T14:15:43.297358Z 0 [Note] Shutting down plugin 'INNODB_SYS_FIELDS'
2019-07-31T14:15:43.297361Z 0 [Note] Shutting down plugin 'INNODB_SYS_COLUMNS'
2019-07-31T14:15:43.297365Z 0 [Note] Shutting down plugin 'INNODB_SYS_INDEXES'
2019-07-31T14:15:43.297368Z 0 [Note] Shutting down plugin 'INNODB_SYS_TABLESTATS'
2019-07-31T14:15:43.297372Z 0 [Note] Shutting down plugin 'INNODB_SYS_TABLES'
2019-07-31T14:15:43.297376Z 0 [Note] Shutting down plugin 'INNODB_FT_INDEX_TABLE'
2019-07-31T14:15:43.297379Z 0 [Note] Shutting down plugin 'INNODB_FT_INDEX_CACHE'
2019-07-31T14:15:43.297384Z 0 [Note] Shutting down plugin 'INNODB_FT_CONFIG'
2019-07-31T14:15:43.297387Z 0 [Note] Shutting down plugin 'INNODB_FT_BEING_DELETED'
2019-07-31T14:15:43.297391Z 0 [Note] Shutting down plugin 'INNODB_FT_DELETED'
2019-07-31T14:15:43.297394Z 0 [Note] Shutting down plugin 'INNODB_FT_DEFAULT_STOPWORD'
2019-07-31T14:15:43.297398Z 0 [Note] Shutting down plugin 'INNODB_METRICS'
2019-07-31T14:15:43.297402Z 0 [Note] Shutting down plugin 'INNODB_TEMP_TABLE_INFO'
2019-07-31T14:15:43.297406Z 0 [Note] Shutting down plugin 'INNODB_BUFFER_POOL_STATS'
2019-07-31T14:15:43.297410Z 0 [Note] Shutting down plugin 'INNODB_BUFFER_PAGE_LRU'
2019-07-31T14:15:43.297414Z 0 [Note] Shutting down plugin 'INNODB_BUFFER_PAGE'
2019-07-31T14:15:43.297418Z 0 [Note] Shutting down plugin 'INNODB_CMP_PER_INDEX_RESET'
2019-07-31T14:15:43.297422Z 0 [Note] Shutting down plugin 'INNODB_CMP_PER_INDEX'
2019-07-31T14:15:43.297426Z 0 [Note] Shutting down plugin 'INNODB_CMPMEM_RESET'
2019-07-31T14:15:43.297431Z 0 [Note] Shutting down plugin 'INNODB_CMPMEM'
2019-07-31T14:15:43.297435Z 0 [Note] Shutting down plugin 'INNODB_CMP_RESET'
2019-07-31T14:15:43.297439Z 0 [Note] Shutting down plugin 'INNODB_CMP'
2019-07-31T14:15:43.297443Z 0 [Note] Shutting down plugin 'INNODB_LOCK_WAITS'
2019-07-31T14:15:43.297447Z 0 [Note] Shutting down plugin 'INNODB_LOCKS'
2019-07-31T14:15:43.297451Z 0 [Note] Shutting down plugin 'INNODB_TRX'
2019-07-31T14:15:43.297455Z 0 [Note] Shutting down plugin 'InnoDB'
2019-07-31T14:15:43.297545Z 0 [Note] InnoDB: FTS optimize thread exiting.
2019-07-31T14:15:43.300064Z 0 [Note] InnoDB: Starting shutdown...
2019-07-31T14:15:43.401272Z 0 [Note] InnoDB: Dumping buffer pool(s) to /var/lib/mysql/ib_buffer_pool
2019-07-31T14:15:43.401687Z 0 [Note] InnoDB: Buffer pool(s) dump completed at 190731 14:15:43
2019-07-31T14:15:45.349279Z 0 [Note] InnoDB: Shutdown completed; log sequence number 6943459
2019-07-31T14:15:45.350901Z 0 [Note] InnoDB: Removed temporary tablespace data file: "ibtmp1"
2019-07-31T14:15:45.350946Z 0 [Note] Shutting down plugin 'MEMORY'
2019-07-31T14:15:45.350954Z 0 [Note] Shutting down plugin 'CSV'
2019-07-31T14:15:45.350961Z 0 [Note] Shutting down plugin 'sha256_password'
2019-07-31T14:15:45.350966Z 0 [Note] Shutting down plugin 'mysql_native_password'
2019-07-31T14:15:45.351136Z 0 [Note] Shutting down plugin 'binlog'
2019-07-31T14:15:45.351741Z 0 [Note] /usr/sbin/mysqld: Shutdown complete

2019-07-31T14:19:47.621375Z 0 [Warning] TIMESTAMP with implicit DEFAULT value is deprecated. Please use --explicit_defaults_for_timestamp server option (see documentation for more details).
2019-07-31T14:19:47.629566Z 0 [Note] /usr/sbin/mysqld (mysqld 5.7.23) starting as process 85 ...
2019-07-31T14:19:47.679969Z 0 [Note] InnoDB: PUNCH HOLE support available
2019-07-31T14:19:47.680022Z 0 [Note] InnoDB: Mutexes and rw_locks use GCC atomic builtins
2019-07-31T14:19:47.680031Z 0 [Note] InnoDB: Uses event mutexes
2019-07-31T14:19:47.680121Z 0 [Note] InnoDB: GCC builtin __atomic_thread_fence() is used for memory barrier
2019-07-31T14:19:47.680132Z 0 [Note] InnoDB: Compressed tables use zlib 1.2.3
2019-07-31T14:19:47.680190Z 0 [Note] InnoDB: Using Linux native AIO
2019-07-31T14:19:47.683261Z 0 [Note] InnoDB: Number of pools: 1
2019-07-31T14:19:47.699682Z 0 [Note] InnoDB: Using CPU crc32 instructions
2019-07-31T14:19:47.704779Z 0 [Note] InnoDB: Initializing buffer pool, total size = 32M, instances = 1, chunk size = 32M
2019-07-31T14:19:47.719632Z 0 [Note] InnoDB: Completed initialization of buffer pool
2019-07-31T14:19:47.726012Z 0 [Note] InnoDB: If the mysqld execution user is authorized, page cleaner thread priority can be changed. See the man page of setpriority().
2019-07-31T14:19:47.758197Z 0 [Note] InnoDB: Highest supported file format is Barracuda.
2019-07-31T14:19:48.643602Z 0 [Note] InnoDB: Creating shared tablespace for temporary tables
2019-07-31T14:19:48.643713Z 0 [Note] InnoDB: Setting file './ibtmp1' size to 12 MB. Physically writing the file full; Please wait ...
2019-07-31T14:19:48.716463Z 0 [Note] InnoDB: File './ibtmp1' size is now 12 MB.
2019-07-31T14:19:48.722586Z 0 [Note] InnoDB: 96 redo rollback segment(s) found. 96 redo rollback segment(s) are active.
2019-07-31T14:19:48.722644Z 0 [Note] InnoDB: 32 non-redo rollback segment(s) are active.
2019-07-31T14:19:48.863795Z 0 [Note] InnoDB: 5.7.23 started; log sequence number 6943459
2019-07-31T14:19:48.865269Z 0 [Note] InnoDB: Loading buffer pool(s) from /var/lib/mysql/ib_buffer_pool
2019-07-31T14:19:48.866044Z 0 [Note] Plugin 'FEDERATED' is disabled.
2019-07-31T14:19:49.068822Z 0 [Warning] Failed to set up SSL because of the following SSL library error: SSL context is not usable without certificate and private key
2019-07-31T14:19:49.068858Z 0 [Note] Server hostname (bind-address): '*'; port: 3306
2019-07-31T14:19:49.069365Z 0 [Note] IPv6 is available.
2019-07-31T14:19:49.070825Z 0 [Note]   - '::' resolves to '::';
2019-07-31T14:19:49.070874Z 0 [Note] Server socket created on IP: '::'.
2019-07-31T14:19:49.210251Z 0 [Warning] 'user' entry 'root@localhost' ignored in --skip-name-resolve mode.
2019-07-31T14:19:49.210324Z 0 [Warning] 'user' entry 'mysql.session@localhost' ignored in --skip-name-resolve mode.
2019-07-31T14:19:49.210342Z 0 [Warning] 'user' entry 'mysql.sys@localhost' ignored in --skip-name-resolve mode.
2019-07-31T14:19:49.213340Z 0 [Warning] 'db' entry 'performance_schema mysql.session@localhost' ignored in --skip-name-resolve mode.
2019-07-31T14:19:49.213377Z 0 [Warning] 'db' entry 'sys mysql.sys@localhost' ignored in --skip-name-resolve mode.
2019-07-31T14:19:49.261649Z 0 [Warning] 'proxies_priv' entry '@ root@localhost' ignored in --skip-name-resolve mode.
2019-07-31T14:19:49.397644Z 0 [Note] InnoDB: Buffer pool(s) load completed at 190731 14:19:49
2019-07-31T14:19:49.427525Z 0 [Warning] 'tables_priv' entry 'user mysql.session@localhost' ignored in --skip-name-resolve mode.
2019-07-31T14:19:49.427581Z 0 [Warning] 'tables_priv' entry 'sys_config mysql.sys@localhost' ignored in --skip-name-resolve mode.
2019-07-31T14:19:49.624656Z 0 [Note] Event Scheduler: Loaded 0 events
2019-07-31T14:19:49.637124Z 0 [Note] /usr/sbin/mysqld: ready for connections.
Version: '5.7.23'  socket: '/var/run/mysqld/mysqld.sock'  port: 3306  MySQL Community Server (GPL)
2019-07-31T17:21:15.112518Z 0 [Note] InnoDB: page_cleaner: 1000ms intended loop took 5716935ms. The settings might not be optimal. (flushed=0 and evicted=0, during the time.)
2019-07-31T18:09:56.349989Z 0 [Note] InnoDB: page_cleaner: 1000ms intended loop took 640907ms. The settings might not be optimal. (flushed=0 and evicted=0, during the time.)
2019-07-31T23:12:56.580242Z 0 [Note] Giving 0 client threads a chance to die gracefully
2019-07-31T23:12:56.581123Z 0 [Note] Shutting down slave threads
2019-07-31T23:12:56.581208Z 0 [Note] Forcefully disconnecting 0 remaining clients
2019-07-31T23:12:56.581227Z 0 [Note] Event Scheduler: Purging the queue. 0 events
2019-07-31T23:12:56.583294Z 0 [Note] Binlog end
2019-07-31T23:12:56.586300Z 0 [Note] Shutting down plugin 'ngram'
2019-07-31T23:12:56.586336Z 0 [Note] Shutting down plugin 'partition'
2019-07-31T23:12:56.586343Z 0 [Note] Shutting down plugin 'BLACKHOLE'
2019-07-31T23:12:56.586358Z 0 [Note] Shutting down plugin 'ARCHIVE'
2019-07-31T23:12:56.586363Z 0 [Note] Shutting down plugin 'PERFORMANCE_SCHEMA'
2019-07-31T23:12:56.587740Z 0 [Note] Shutting down plugin 'MRG_MYISAM'
2019-07-31T23:12:56.589061Z 0 [Note] Shutting down plugin 'MyISAM'
2019-07-31T23:12:56.589113Z 0 [Note] Shutting down plugin 'INNODB_SYS_VIRTUAL'
2019-07-31T23:12:56.589124Z 0 [Note] Shutting down plugin 'INNODB_SYS_DATAFILES'
2019-07-31T23:12:56.589130Z 0 [Note] Shutting down plugin 'INNODB_SYS_TABLESPACES'
2019-07-31T23:12:56.589134Z 0 [Note] Shutting down plugin 'INNODB_SYS_FOREIGN_COLS'
2019-07-31T23:12:56.589138Z 0 [Note] Shutting down plugin 'INNODB_SYS_FOREIGN'
2019-07-31T23:12:56.589143Z 0 [Note] Shutting down plugin 'INNODB_SYS_FIELDS'
2019-07-31T23:12:56.589147Z 0 [Note] Shutting down plugin 'INNODB_SYS_COLUMNS'
2019-07-31T23:12:56.589151Z 0 [Note] Shutting down plugin 'INNODB_SYS_INDEXES'
2019-07-31T23:12:56.589155Z 0 [Note] Shutting down plugin 'INNODB_SYS_TABLESTATS'
2019-07-31T23:12:56.589159Z 0 [Note] Shutting down plugin 'INNODB_SYS_TABLES'
2019-07-31T23:12:56.589163Z 0 [Note] Shutting down plugin 'INNODB_FT_INDEX_TABLE'
2019-07-31T23:12:56.589167Z 0 [Note] Shutting down plugin 'INNODB_FT_INDEX_CACHE'
2019-07-31T23:12:56.589172Z 0 [Note] Shutting down plugin 'INNODB_FT_CONFIG'
2019-07-31T23:12:56.589176Z 0 [Note] Shutting down plugin 'INNODB_FT_BEING_DELETED'
2019-07-31T23:12:56.589180Z 0 [Note] Shutting down plugin 'INNODB_FT_DELETED'
2019-07-31T23:12:56.589184Z 0 [Note] Shutting down plugin 'INNODB_FT_DEFAULT_STOPWORD'
2019-07-31T23:12:56.589188Z 0 [Note] Shutting down plugin 'INNODB_METRICS'
2019-07-31T23:12:56.589192Z 0 [Note] Shutting down plugin 'INNODB_TEMP_TABLE_INFO'
2019-07-31T23:12:56.589196Z 0 [Note] Shutting down plugin 'INNODB_BUFFER_POOL_STATS'
2019-07-31T23:12:56.589200Z 0 [Note] Shutting down plugin 'INNODB_BUFFER_PAGE_LRU'
2019-07-31T23:12:56.589204Z 0 [Note] Shutting down plugin 'INNODB_BUFFER_PAGE'
2019-07-31T23:12:56.589208Z 0 [Note] Shutting down plugin 'INNODB_CMP_PER_INDEX_RESET'
2019-07-31T23:12:56.589212Z 0 [Note] Shutting down plugin 'INNODB_CMP_PER_INDEX'
2019-07-31T23:12:56.589216Z 0 [Note] Shutting down plugin 'INNODB_CMPMEM_RESET'
2019-07-31T23:12:56.589220Z 0 [Note] Shutting down plugin 'INNODB_CMPMEM'
2019-07-31T23:12:56.589224Z 0 [Note] Shutting down plugin 'INNODB_CMP_RESET'
2019-07-31T23:12:56.589229Z 0 [Note] Shutting down plugin 'INNODB_CMP'
2019-07-31T23:12:56.589233Z 0 [Note] Shutting down plugin 'INNODB_LOCK_WAITS'
2019-07-31T23:12:56.589237Z 0 [Note] Shutting down plugin 'INNODB_LOCKS'
2019-07-31T23:12:56.589241Z 0 [Note] Shutting down plugin 'INNODB_TRX'
2019-07-31T23:12:56.589245Z 0 [Note] Shutting down plugin 'InnoDB'
2019-07-31T23:12:56.590636Z 0 [Note] InnoDB: FTS optimize thread exiting.
2019-07-31T23:12:56.591036Z 0 [Note] InnoDB: Starting shutdown...
2019-07-31T23:12:56.692674Z 0 [Note] InnoDB: Dumping buffer pool(s) to /var/lib/mysql/ib_buffer_pool
2019-07-31T23:12:56.694308Z 0 [Note] InnoDB: Buffer pool(s) dump completed at 190731 23:12:56
2019-07-31T23:12:57.805313Z 0 [Note] InnoDB: Shutdown completed; log sequence number 7822879
2019-07-31T23:12:57.805568Z 0 [Note] InnoDB: Removed temporary tablespace data file: "ibtmp1"
2019-07-31T23:12:57.805579Z 0 [Note] Shutting down plugin 'MEMORY'
2019-07-31T23:12:57.805584Z 0 [Note] Shutting down plugin 'CSV'
2019-07-31T23:12:57.805588Z 0 [Note] Shutting down plugin 'sha256_password'
2019-07-31T23:12:57.805590Z 0 [Note] Shutting down plugin 'mysql_native_password'
2019-07-31T23:12:57.806507Z 0 [Note] Shutting down plugin 'binlog'
2019-07-31T23:12:57.806939Z 0 [Note] /usr/sbin/mysqld: Shutdown complete

2019-08-01T14:17:49.897556Z 0 [Warning] TIMESTAMP with implicit DEFAULT value is deprecated. Please use --explicit_defaults_for_timestamp server option (see documentation for more details).
2019-08-01T14:17:49.912218Z 0 [Note] /usr/sbin/mysqld (mysqld 5.7.23) starting as process 77 ...
2019-08-01T14:17:49.979442Z 0 [Note] InnoDB: PUNCH HOLE support available
2019-08-01T14:17:49.979482Z 0 [Note] InnoDB: Mutexes and rw_locks use GCC atomic builtins
2019-08-01T14:17:49.979487Z 0 [Note] InnoDB: Uses event mutexes
2019-08-01T14:17:49.979491Z 0 [Note] InnoDB: GCC builtin __atomic_thread_fence() is used for memory barrier
2019-08-01T14:17:49.979494Z 0 [Note] InnoDB: Compressed tables use zlib 1.2.3
2019-08-01T14:17:49.979498Z 0 [Note] InnoDB: Using Linux native AIO
2019-08-01T14:17:49.986806Z 0 [Note] InnoDB: Number of pools: 1
2019-08-01T14:17:49.991712Z 0 [Note] InnoDB: Using CPU crc32 instructions
2019-08-01T14:17:49.995210Z 0 [Note] InnoDB: Initializing buffer pool, total size = 32M, instances = 1, chunk size = 32M
2019-08-01T14:17:50.002069Z 0 [Note] InnoDB: Completed initialization of buffer pool
2019-08-01T14:17:50.009564Z 0 [Note] InnoDB: If the mysqld execution user is authorized, page cleaner thread priority can be changed. See the man page of setpriority().
2019-08-01T14:17:50.046988Z 0 [Note] InnoDB: Highest supported file format is Barracuda.
2019-08-01T14:17:50.313761Z 0 [Note] InnoDB: Creating shared tablespace for temporary tables
2019-08-01T14:17:50.313957Z 0 [Note] InnoDB: Setting file './ibtmp1' size to 12 MB. Physically writing the file full; Please wait ...
2019-08-01T14:17:50.365531Z 0 [Note] InnoDB: File './ibtmp1' size is now 12 MB.
2019-08-01T14:17:50.366389Z 0 [Note] InnoDB: 96 redo rollback segment(s) found. 96 redo rollback segment(s) are active.
2019-08-01T14:17:50.366409Z 0 [Note] InnoDB: 32 non-redo rollback segment(s) are active.
2019-08-01T14:17:50.367506Z 0 [Note] InnoDB: Waiting for purge to start
2019-08-01T14:17:50.417906Z 0 [Note] InnoDB: 5.7.23 started; log sequence number 7822879
2019-08-01T14:17:50.429254Z 0 [Note] InnoDB: Loading buffer pool(s) from /var/lib/mysql/ib_buffer_pool
2019-08-01T14:17:50.435230Z 0 [Note] Plugin 'FEDERATED' is disabled.
2019-08-01T14:17:50.580164Z 0 [Warning] Failed to set up SSL because of the following SSL library error: SSL context is not usable without certificate and private key
2019-08-01T14:17:50.580189Z 0 [Note] Server hostname (bind-address): '*'; port: 3306
2019-08-01T14:17:50.580674Z 0 [Note] IPv6 is available.
2019-08-01T14:17:50.581640Z 0 [Note]   - '::' resolves to '::';
2019-08-01T14:17:50.581776Z 0 [Note] Server socket created on IP: '::'.
2019-08-01T14:17:50.796845Z 0 [Note] InnoDB: Buffer pool(s) load completed at 190801 14:17:50
2019-08-01T14:17:50.797030Z 0 [Warning] 'user' entry 'root@localhost' ignored in --skip-name-resolve mode.
2019-08-01T14:17:50.797072Z 0 [Warning] 'user' entry 'mysql.session@localhost' ignored in --skip-name-resolve mode.
2019-08-01T14:17:50.797081Z 0 [Warning] 'user' entry 'mysql.sys@localhost' ignored in --skip-name-resolve mode.
2019-08-01T14:17:50.797685Z 0 [Warning] 'db' entry 'performance_schema mysql.session@localhost' ignored in --skip-name-resolve mode.
2019-08-01T14:17:50.797703Z 0 [Warning] 'db' entry 'sys mysql.sys@localhost' ignored in --skip-name-resolve mode.
2019-08-01T14:17:50.798098Z 0 [Warning] 'proxies_priv' entry '@ root@localhost' ignored in --skip-name-resolve mode.
2019-08-01T14:17:50.811887Z 0 [Warning] 'tables_priv' entry 'user mysql.session@localhost' ignored in --skip-name-resolve mode.
2019-08-01T14:17:50.811915Z 0 [Warning] 'tables_priv' entry 'sys_config mysql.sys@localhost' ignored in --skip-name-resolve mode.
2019-08-01T14:17:50.981614Z 0 [Note] Event Scheduler: Loaded 0 events
2019-08-01T14:17:50.989594Z 0 [Note] /usr/sbin/mysqld: ready for connections.
Version: '5.7.23'  socket: '/var/run/mysqld/mysqld.sock'  port: 3306  MySQL Community Server (GPL)
2019-08-01T22:15:35.695776Z 0 [Note] Giving 6 client threads a chance to die gracefully
2019-08-01T22:15:35.696546Z 0 [Note] Shutting down slave threads
2019-08-01T22:15:37.696987Z 0 [Note] Forcefully disconnecting 0 remaining clients
2019-08-01T22:15:37.697031Z 0 [Note] Event Scheduler: Purging the queue. 0 events
2019-08-01T22:15:37.697143Z 0 [Note] Binlog end
2019-08-01T22:15:37.699347Z 0 [Note] Shutting down plugin 'ngram'
2019-08-01T22:15:37.699370Z 0 [Note] Shutting down plugin 'partition'
2019-08-01T22:15:37.699379Z 0 [Note] Shutting down plugin 'BLACKHOLE'
2019-08-01T22:15:37.699382Z 0 [Note] Shutting down plugin 'ARCHIVE'
2019-08-01T22:15:37.699385Z 0 [Note] Shutting down plugin 'PERFORMANCE_SCHEMA'
2019-08-01T22:15:37.699402Z 0 [Note] Shutting down plugin 'MRG_MYISAM'
2019-08-01T22:15:37.699406Z 0 [Note] Shutting down plugin 'MyISAM'
2019-08-01T22:15:37.699415Z 0 [Note] Shutting down plugin 'INNODB_SYS_VIRTUAL'
2019-08-01T22:15:37.699419Z 0 [Note] Shutting down plugin 'INNODB_SYS_DATAFILES'
2019-08-01T22:15:37.699421Z 0 [Note] Shutting down plugin 'INNODB_SYS_TABLESPACES'
2019-08-01T22:15:37.699423Z 0 [Note] Shutting down plugin 'INNODB_SYS_FOREIGN_COLS'
2019-08-01T22:15:37.699426Z 0 [Note] Shutting down plugin 'INNODB_SYS_FOREIGN'
2019-08-01T22:15:37.699428Z 0 [Note] Shutting down plugin 'INNODB_SYS_FIELDS'
2019-08-01T22:15:37.699430Z 0 [Note] Shutting down plugin 'INNODB_SYS_COLUMNS'
2019-08-01T22:15:37.699433Z 0 [Note] Shutting down plugin 'INNODB_SYS_INDEXES'
2019-08-01T22:15:37.699435Z 0 [Note] Shutting down plugin 'INNODB_SYS_TABLESTATS'
2019-08-01T22:15:37.699437Z 0 [Note] Shutting down plugin 'INNODB_SYS_TABLES'
2019-08-01T22:15:37.699439Z 0 [Note] Shutting down plugin 'INNODB_FT_INDEX_TABLE'
2019-08-01T22:15:37.699442Z 0 [Note] Shutting down plugin 'INNODB_FT_INDEX_CACHE'
2019-08-01T22:15:37.699445Z 0 [Note] Shutting down plugin 'INNODB_FT_CONFIG'
2019-08-01T22:15:37.699449Z 0 [Note] Shutting down plugin 'INNODB_FT_BEING_DELETED'
2019-08-01T22:15:37.699452Z 0 [Note] Shutting down plugin 'INNODB_FT_DELETED'
2019-08-01T22:15:37.699457Z 0 [Note] Shutting down plugin 'INNODB_FT_DEFAULT_STOPWORD'
2019-08-01T22:15:37.699461Z 0 [Note] Shutting down plugin 'INNODB_METRICS'
2019-08-01T22:15:37.699465Z 0 [Note] Shutting down plugin 'INNODB_TEMP_TABLE_INFO'
2019-08-01T22:15:37.699469Z 0 [Note] Shutting down plugin 'INNODB_BUFFER_POOL_STATS'
2019-08-01T22:15:37.699473Z 0 [Note] Shutting down plugin 'INNODB_BUFFER_PAGE_LRU'
2019-08-01T22:15:37.699476Z 0 [Note] Shutting down plugin 'INNODB_BUFFER_PAGE'
2019-08-01T22:15:37.699480Z 0 [Note] Shutting down plugin 'INNODB_CMP_PER_INDEX_RESET'
2019-08-01T22:15:37.699484Z 0 [Note] Shutting down plugin 'INNODB_CMP_PER_INDEX'
2019-08-01T22:15:37.699488Z 0 [Note] Shutting down plugin 'INNODB_CMPMEM_RESET'
2019-08-01T22:15:37.699492Z 0 [Note] Shutting down plugin 'INNODB_CMPMEM'
2019-08-01T22:15:37.699495Z 0 [Note] Shutting down plugin 'INNODB_CMP_RESET'
2019-08-01T22:15:37.699499Z 0 [Note] Shutting down plugin 'INNODB_CMP'
2019-08-01T22:15:37.699505Z 0 [Note] Shutting down plugin 'INNODB_LOCK_WAITS'
2019-08-01T22:15:37.699509Z 0 [Note] Shutting down plugin 'INNODB_LOCKS'
2019-08-01T22:15:37.699513Z 0 [Note] Shutting down plugin 'INNODB_TRX'
2019-08-01T22:15:37.699517Z 0 [Note] Shutting down plugin 'InnoDB'
2019-08-01T22:15:37.699990Z 0 [Note] InnoDB: FTS optimize thread exiting.
2019-08-01T22:15:37.701110Z 0 [Note] InnoDB: Starting shutdown...
2019-08-01T22:15:37.804668Z 0 [Note] InnoDB: Dumping buffer pool(s) to /var/lib/mysql/ib_buffer_pool
2019-08-01T22:15:37.804936Z 0 [Note] InnoDB: Buffer pool(s) dump completed at 190801 22:15:37
2019-08-01T22:16:27.030019Z 0 [Warning] TIMESTAMP with implicit DEFAULT value is deprecated. Please use --explicit_defaults_for_timestamp server option (see documentation for more details).
2019-08-01T22:16:27.030260Z 0 [Note] /usr/sbin/mysqld (mysqld 5.7.23) starting as process 77 ...
2019-08-01T22:16:27.042548Z 0 [Note] InnoDB: PUNCH HOLE support available
2019-08-01T22:16:27.042577Z 0 [Note] InnoDB: Mutexes and rw_locks use GCC atomic builtins
2019-08-01T22:16:27.042582Z 0 [Note] InnoDB: Uses event mutexes
2019-08-01T22:16:27.042585Z 0 [Note] InnoDB: GCC builtin __atomic_thread_fence() is used for memory barrier
2019-08-01T22:16:27.042588Z 0 [Note] InnoDB: Compressed tables use zlib 1.2.3
2019-08-01T22:16:27.042591Z 0 [Note] InnoDB: Using Linux native AIO
2019-08-01T22:16:27.042992Z 0 [Note] InnoDB: Number of pools: 1
2019-08-01T22:16:27.043133Z 0 [Note] InnoDB: Using CPU crc32 instructions
2019-08-01T22:16:27.045047Z 0 [Note] InnoDB: Initializing buffer pool, total size = 32M, instances = 1, chunk size = 32M
2019-08-01T22:16:27.047614Z 0 [Note] InnoDB: Completed initialization of buffer pool
2019-08-01T22:16:27.059019Z 0 [Note] InnoDB: If the mysqld execution user is authorized, page cleaner thread priority can be changed. See the man page of setpriority().
2019-08-01T22:16:27.060932Z 0 [Note] InnoDB: Highest supported file format is Barracuda.
2019-08-01T22:16:27.061384Z 0 [Note] InnoDB: Log scan progressed past the checkpoint lsn 8502356
2019-08-01T22:16:27.061397Z 0 [Note] InnoDB: Doing recovery: scanned up to log sequence number 8504369
2019-08-01T22:16:27.061435Z 0 [Note] InnoDB: Database was not shutdown normally!
2019-08-01T22:16:27.061439Z 0 [Note] InnoDB: Starting crash recovery.
2019-08-01T22:16:27.076637Z 0 [Note] InnoDB: Starting an apply batch of log records to the database...
InnoDB: Progress in percent: 0 1 2 3 4 5 6 7 8 9 10 11 12 13 14 15 16 17 18 19 20 21 22 23 24 25 26 27 28 29 30 31 32 33 34 35 36 37 38 39 40 41 42 43 44 45 46 47 48 49 50 51 52 53 54 55 56 57 58 59 60 61 62 63 64 65 66 67 68 69 70 71 72 73 74 75 76 77 78 79 80 81 82 83 84 85 86 87 88 89 90 91 92 93 94 95 96 97 98 99 
2019-08-01T22:16:27.089529Z 0 [Note] InnoDB: Apply batch completed
2019-08-01T22:16:27.196308Z 0 [Note] InnoDB: Removed temporary tablespace data file: "ibtmp1"
2019-08-01T22:16:27.196329Z 0 [Note] InnoDB: Creating shared tablespace for temporary tables
2019-08-01T22:16:27.196375Z 0 [Note] InnoDB: Setting file './ibtmp1' size to 12 MB. Physically writing the file full; Please wait ...
2019-08-01T22:16:27.232563Z 0 [Note] InnoDB: File './ibtmp1' size is now 12 MB.
2019-08-01T22:16:27.233281Z 0 [Note] InnoDB: 96 redo rollback segment(s) found. 96 redo rollback segment(s) are active.
2019-08-01T22:16:27.233303Z 0 [Note] InnoDB: 32 non-redo rollback segment(s) are active.
2019-08-01T22:16:27.233968Z 0 [Note] InnoDB: Waiting for purge to start
2019-08-01T22:16:27.284144Z 0 [Note] InnoDB: 5.7.23 started; log sequence number 8504369
2019-08-01T22:16:27.285158Z 0 [Note] Plugin 'FEDERATED' is disabled.
2019-08-01T22:16:27.286207Z 0 [Warning] Failed to set up SSL because of the following SSL library error: SSL context is not usable without certificate and private key
2019-08-01T22:16:27.286221Z 0 [Note] Server hostname (bind-address): '*'; port: 3306
2019-08-01T22:16:27.286262Z 0 [Note] IPv6 is available.
2019-08-01T22:16:27.286272Z 0 [Note]   - '::' resolves to '::';
2019-08-01T22:16:27.286278Z 0 [Note] Server socket created on IP: '::'.
2019-08-01T22:16:27.289347Z 0 [Note] InnoDB: Loading buffer pool(s) from /var/lib/mysql/ib_buffer_pool
2019-08-01T22:16:27.292428Z 0 [Warning] 'user' entry 'root@localhost' ignored in --skip-name-resolve mode.
2019-08-01T22:16:27.292497Z 0 [Warning] 'user' entry 'mysql.session@localhost' ignored in --skip-name-resolve mode.
2019-08-01T22:16:27.292512Z 0 [Warning] 'user' entry 'mysql.sys@localhost' ignored in --skip-name-resolve mode.
2019-08-01T22:16:27.292546Z 0 [Warning] 'db' entry 'performance_schema mysql.session@localhost' ignored in --skip-name-resolve mode.
2019-08-01T22:16:27.292551Z 0 [Warning] 'db' entry 'sys mysql.sys@localhost' ignored in --skip-name-resolve mode.
2019-08-01T22:16:27.292563Z 0 [Warning] 'proxies_priv' entry '@ root@localhost' ignored in --skip-name-resolve mode.
2019-08-01T22:16:27.293771Z 0 [Warning] 'tables_priv' entry 'user mysql.session@localhost' ignored in --skip-name-resolve mode.
2019-08-01T22:16:27.293787Z 0 [Warning] 'tables_priv' entry 'sys_config mysql.sys@localhost' ignored in --skip-name-resolve mode.
2019-08-01T22:16:27.297677Z 0 [Note] InnoDB: Buffer pool(s) load completed at 190801 22:16:27
2019-08-01T22:16:27.313075Z 0 [Note] Event Scheduler: Loaded 0 events
2019-08-01T22:16:27.313238Z 0 [Note] /usr/sbin/mysqld: ready for connections.
Version: '5.7.23'  socket: '/var/run/mysqld/mysqld.sock'  port: 3306  MySQL Community Server (GPL)
2019-08-01T23:08:43.132753Z 0 [Note] Giving 0 client threads a chance to die gracefully
2019-08-01T23:08:43.133801Z 0 [Note] Shutting down slave threads
2019-08-01T23:08:43.133828Z 0 [Note] Forcefully disconnecting 0 remaining clients
2019-08-01T23:08:43.133837Z 0 [Note] Event Scheduler: Purging the queue. 0 events
2019-08-01T23:08:43.133895Z 0 [Note] Binlog end
2019-08-01T23:08:43.138364Z 0 [Note] Shutting down plugin 'ngram'
2019-08-01T23:08:43.138383Z 0 [Note] Shutting down plugin 'partition'
2019-08-01T23:08:43.138387Z 0 [Note] Shutting down plugin 'BLACKHOLE'
2019-08-01T23:08:43.138390Z 0 [Note] Shutting down plugin 'ARCHIVE'
2019-08-01T23:08:43.138392Z 0 [Note] Shutting down plugin 'PERFORMANCE_SCHEMA'
2019-08-01T23:08:43.138409Z 0 [Note] Shutting down plugin 'MRG_MYISAM'
2019-08-01T23:08:43.138412Z 0 [Note] Shutting down plugin 'MyISAM'
2019-08-01T23:08:43.138420Z 0 [Note] Shutting down plugin 'INNODB_SYS_VIRTUAL'
2019-08-01T23:08:43.138423Z 0 [Note] Shutting down plugin 'INNODB_SYS_DATAFILES'
2019-08-01T23:08:43.138425Z 0 [Note] Shutting down plugin 'INNODB_SYS_TABLESPACES'
2019-08-01T23:08:43.138428Z 0 [Note] Shutting down plugin 'INNODB_SYS_FOREIGN_COLS'
2019-08-01T23:08:43.138430Z 0 [Note] Shutting down plugin 'INNODB_SYS_FOREIGN'
2019-08-01T23:08:43.138432Z 0 [Note] Shutting down plugin 'INNODB_SYS_FIELDS'
2019-08-01T23:08:43.138434Z 0 [Note] Shutting down plugin 'INNODB_SYS_COLUMNS'
2019-08-01T23:08:43.138437Z 0 [Note] Shutting down plugin 'INNODB_SYS_INDEXES'
2019-08-01T23:08:43.138439Z 0 [Note] Shutting down plugin 'INNODB_SYS_TABLESTATS'
2019-08-01T23:08:43.138441Z 0 [Note] Shutting down plugin 'INNODB_SYS_TABLES'
2019-08-01T23:08:43.138443Z 0 [Note] Shutting down plugin 'INNODB_FT_INDEX_TABLE'
2019-08-01T23:08:43.138445Z 0 [Note] Shutting down plugin 'INNODB_FT_INDEX_CACHE'
2019-08-01T23:08:43.138447Z 0 [Note] Shutting down plugin 'INNODB_FT_CONFIG'
2019-08-01T23:08:43.138450Z 0 [Note] Shutting down plugin 'INNODB_FT_BEING_DELETED'
2019-08-01T23:08:43.138452Z 0 [Note] Shutting down plugin 'INNODB_FT_DELETED'
2019-08-01T23:08:43.138454Z 0 [Note] Shutting down plugin 'INNODB_FT_DEFAULT_STOPWORD'
2019-08-01T23:08:43.138456Z 0 [Note] Shutting down plugin 'INNODB_METRICS'
2019-08-01T23:08:43.138458Z 0 [Note] Shutting down plugin 'INNODB_TEMP_TABLE_INFO'
2019-08-01T23:08:43.138461Z 0 [Note] Shutting down plugin 'INNODB_BUFFER_POOL_STATS'
2019-08-01T23:08:43.138463Z 0 [Note] Shutting down plugin 'INNODB_BUFFER_PAGE_LRU'
2019-08-01T23:08:43.138465Z 0 [Note] Shutting down plugin 'INNODB_BUFFER_PAGE'
2019-08-01T23:08:43.138467Z 0 [Note] Shutting down plugin 'INNODB_CMP_PER_INDEX_RESET'
2019-08-01T23:08:43.138470Z 0 [Note] Shutting down plugin 'INNODB_CMP_PER_INDEX'
2019-08-01T23:08:43.138472Z 0 [Note] Shutting down plugin 'INNODB_CMPMEM_RESET'
2019-08-01T23:08:43.138474Z 0 [Note] Shutting down plugin 'INNODB_CMPMEM'
2019-08-01T23:08:43.138476Z 0 [Note] Shutting down plugin 'INNODB_CMP_RESET'
2019-08-01T23:08:43.138478Z 0 [Note] Shutting down plugin 'INNODB_CMP'
2019-08-01T23:08:43.138480Z 0 [Note] Shutting down plugin 'INNODB_LOCK_WAITS'
2019-08-01T23:08:43.138483Z 0 [Note] Shutting down plugin 'INNODB_LOCKS'
2019-08-01T23:08:43.138485Z 0 [Note] Shutting down plugin 'INNODB_TRX'
2019-08-01T23:08:43.138487Z 0 [Note] Shutting down plugin 'InnoDB'
2019-08-01T23:08:43.138529Z 0 [Note] InnoDB: FTS optimize thread exiting.
2019-08-01T23:08:43.138682Z 0 [Note] InnoDB: Starting shutdown...
2019-08-01T23:08:43.239248Z 0 [Note] InnoDB: Dumping buffer pool(s) to /var/lib/mysql/ib_buffer_pool
2019-08-01T23:08:43.239648Z 0 [Note] InnoDB: Buffer pool(s) dump completed at 190801 23:08:43
2019-08-01T23:08:44.452222Z 0 [Note] InnoDB: Shutdown completed; log sequence number 8563820
2019-08-01T23:08:44.454086Z 0 [Note] InnoDB: Removed temporary tablespace data file: "ibtmp1"
2019-08-01T23:08:44.454100Z 0 [Note] Shutting down plugin 'MEMORY'
2019-08-01T23:08:44.454105Z 0 [Note] Shutting down plugin 'CSV'
2019-08-01T23:08:44.454109Z 0 [Note] Shutting down plugin 'sha256_password'
2019-08-01T23:08:44.454112Z 0 [Note] Shutting down plugin 'mysql_native_password'
2019-08-01T23:08:44.454226Z 0 [Note] Shutting down plugin 'binlog'
2019-08-01T23:08:44.454602Z 0 [Note] /usr/sbin/mysqld: Shutdown complete

2019-08-02T12:37:24.695736Z 0 [Warning] TIMESTAMP with implicit DEFAULT value is deprecated. Please use --explicit_defaults_for_timestamp server option (see documentation for more details).
2019-08-02T12:37:24.704438Z 0 [Note] /usr/sbin/mysqld (mysqld 5.7.23) starting as process 85 ...
2019-08-02T12:37:24.813574Z 0 [Note] InnoDB: PUNCH HOLE support available
2019-08-02T12:37:24.813632Z 0 [Note] InnoDB: Mutexes and rw_locks use GCC atomic builtins
2019-08-02T12:37:24.813643Z 0 [Note] InnoDB: Uses event mutexes
2019-08-02T12:37:24.813649Z 0 [Note] InnoDB: GCC builtin __atomic_thread_fence() is used for memory barrier
2019-08-02T12:37:24.813656Z 0 [Note] InnoDB: Compressed tables use zlib 1.2.3
2019-08-02T12:37:24.813662Z 0 [Note] InnoDB: Using Linux native AIO
2019-08-02T12:37:24.817757Z 0 [Note] InnoDB: Number of pools: 1
2019-08-02T12:37:24.893471Z 0 [Note] InnoDB: Using CPU crc32 instructions
2019-08-02T12:37:24.898212Z 0 [Note] InnoDB: Initializing buffer pool, total size = 32M, instances = 1, chunk size = 32M
2019-08-02T12:37:24.910759Z 0 [Note] InnoDB: Completed initialization of buffer pool
2019-08-02T12:37:24.920234Z 0 [Note] InnoDB: If the mysqld execution user is authorized, page cleaner thread priority can be changed. See the man page of setpriority().
2019-08-02T12:37:24.944220Z 0 [Note] InnoDB: Highest supported file format is Barracuda.
2019-08-02T12:37:25.333670Z 0 [Note] InnoDB: Creating shared tablespace for temporary tables
2019-08-02T12:37:25.333811Z 0 [Note] InnoDB: Setting file './ibtmp1' size to 12 MB. Physically writing the file full; Please wait ...
2019-08-02T12:37:25.414879Z 0 [Note] InnoDB: File './ibtmp1' size is now 12 MB.
2019-08-02T12:37:25.416300Z 0 [Note] InnoDB: 96 redo rollback segment(s) found. 96 redo rollback segment(s) are active.
2019-08-02T12:37:25.416338Z 0 [Note] InnoDB: 32 non-redo rollback segment(s) are active.
2019-08-02T12:37:25.417312Z 0 [Note] InnoDB: Waiting for purge to start
2019-08-02T12:37:25.467560Z 0 [Note] InnoDB: 5.7.23 started; log sequence number 8563820
2019-08-02T12:37:25.470275Z 0 [Note] Plugin 'FEDERATED' is disabled.
2019-08-02T12:37:25.472319Z 0 [Note] InnoDB: Loading buffer pool(s) from /var/lib/mysql/ib_buffer_pool
2019-08-02T12:37:25.505013Z 0 [Warning] Failed to set up SSL because of the following SSL library error: SSL context is not usable without certificate and private key
2019-08-02T12:37:25.505038Z 0 [Note] Server hostname (bind-address): '*'; port: 3306
2019-08-02T12:37:25.506208Z 0 [Note] IPv6 is available.
2019-08-02T12:37:25.507442Z 0 [Note]   - '::' resolves to '::';
2019-08-02T12:37:25.507476Z 0 [Note] Server socket created on IP: '::'.
2019-08-02T12:37:25.544936Z 0 [Warning] 'user' entry 'root@localhost' ignored in --skip-name-resolve mode.
2019-08-02T12:37:25.544989Z 0 [Warning] 'user' entry 'mysql.session@localhost' ignored in --skip-name-resolve mode.
2019-08-02T12:37:25.545000Z 0 [Warning] 'user' entry 'mysql.sys@localhost' ignored in --skip-name-resolve mode.
2019-08-02T12:37:25.545745Z 0 [Warning] 'db' entry 'performance_schema mysql.session@localhost' ignored in --skip-name-resolve mode.
2019-08-02T12:37:25.545768Z 0 [Warning] 'db' entry 'sys mysql.sys@localhost' ignored in --skip-name-resolve mode.
2019-08-02T12:37:25.546253Z 0 [Warning] 'proxies_priv' entry '@ root@localhost' ignored in --skip-name-resolve mode.
2019-08-02T12:37:25.570985Z 0 [Note] InnoDB: Buffer pool(s) load completed at 190802 12:37:25
2019-08-02T12:37:25.595856Z 0 [Warning] 'tables_priv' entry 'user mysql.session@localhost' ignored in --skip-name-resolve mode.
2019-08-02T12:37:25.595893Z 0 [Warning] 'tables_priv' entry 'sys_config mysql.sys@localhost' ignored in --skip-name-resolve mode.
2019-08-02T12:37:25.721348Z 0 [Note] Event Scheduler: Loaded 0 events
2019-08-02T12:37:25.733134Z 0 [Note] /usr/sbin/mysqld: ready for connections.
Version: '5.7.23'  socket: '/var/run/mysqld/mysqld.sock'  port: 3306  MySQL Community Server (GPL)
2019-08-04T18:20:48.042435Z 0 [Warning] TIMESTAMP with implicit DEFAULT value is deprecated. Please use --explicit_defaults_for_timestamp server option (see documentation for more details).
2019-08-04T18:20:48.056064Z 0 [Note] /usr/sbin/mysqld (mysqld 5.7.23) starting as process 85 ...
2019-08-04T18:20:48.124861Z 0 [Note] InnoDB: PUNCH HOLE support available
2019-08-04T18:20:48.124902Z 0 [Note] InnoDB: Mutexes and rw_locks use GCC atomic builtins
2019-08-04T18:20:48.124908Z 0 [Note] InnoDB: Uses event mutexes
2019-08-04T18:20:48.124913Z 0 [Note] InnoDB: GCC builtin __atomic_thread_fence() is used for memory barrier
2019-08-04T18:20:48.124917Z 0 [Note] InnoDB: Compressed tables use zlib 1.2.3
2019-08-04T18:20:48.124920Z 0 [Note] InnoDB: Using Linux native AIO
2019-08-04T18:20:48.128720Z 0 [Note] InnoDB: Number of pools: 1
2019-08-04T18:20:48.134492Z 0 [Note] InnoDB: Using CPU crc32 instructions
2019-08-04T18:20:48.145943Z 0 [Note] InnoDB: Initializing buffer pool, total size = 32M, instances = 1, chunk size = 32M
2019-08-04T18:20:48.161337Z 0 [Note] InnoDB: Completed initialization of buffer pool
2019-08-04T18:20:48.184393Z 0 [Note] InnoDB: If the mysqld execution user is authorized, page cleaner thread priority can be changed. See the man page of setpriority().
2019-08-04T18:20:48.224212Z 0 [Note] InnoDB: Highest supported file format is Barracuda.
2019-08-04T18:20:48.232002Z 0 [Note] InnoDB: Log scan progressed past the checkpoint lsn 10101729
2019-08-04T18:20:48.232051Z 0 [Note] InnoDB: Doing recovery: scanned up to log sequence number 10101738
2019-08-04T18:20:48.232065Z 0 [Note] InnoDB: Database was not shutdown normally!
2019-08-04T18:20:48.232073Z 0 [Note] InnoDB: Starting crash recovery.
2019-08-04T18:20:48.612738Z 0 [Note] InnoDB: Removed temporary tablespace data file: "ibtmp1"
2019-08-04T18:20:48.612776Z 0 [Note] InnoDB: Creating shared tablespace for temporary tables
2019-08-04T18:20:48.612860Z 0 [Note] InnoDB: Setting file './ibtmp1' size to 12 MB. Physically writing the file full; Please wait ...
2019-08-04T18:20:48.691385Z 0 [Note] InnoDB: File './ibtmp1' size is now 12 MB.
2019-08-04T18:20:48.691986Z 0 [Note] InnoDB: 96 redo rollback segment(s) found. 96 redo rollback segment(s) are active.
2019-08-04T18:20:48.691997Z 0 [Note] InnoDB: 32 non-redo rollback segment(s) are active.
2019-08-04T18:20:48.694752Z 0 [Note] InnoDB: Waiting for purge to start
2019-08-04T18:20:48.745493Z 0 [Note] InnoDB: 5.7.23 started; log sequence number 10101738
2019-08-04T18:20:48.754420Z 0 [Note] Plugin 'FEDERATED' is disabled.
2019-08-04T18:20:48.757405Z 0 [Note] InnoDB: Loading buffer pool(s) from /var/lib/mysql/ib_buffer_pool
2019-08-04T18:20:48.847905Z 0 [Warning] Failed to set up SSL because of the following SSL library error: SSL context is not usable without certificate and private key
2019-08-04T18:20:48.847951Z 0 [Note] Server hostname (bind-address): '*'; port: 3306
2019-08-04T18:20:48.848913Z 0 [Note] IPv6 is available.
2019-08-04T18:20:48.851010Z 0 [Note]   - '::' resolves to '::';
2019-08-04T18:20:48.851072Z 0 [Note] Server socket created on IP: '::'.
2019-08-04T18:20:48.936889Z 0 [Warning] 'user' entry 'root@localhost' ignored in --skip-name-resolve mode.
2019-08-04T18:20:48.936970Z 0 [Warning] 'user' entry 'mysql.session@localhost' ignored in --skip-name-resolve mode.
2019-08-04T18:20:48.936998Z 0 [Warning] 'user' entry 'mysql.sys@localhost' ignored in --skip-name-resolve mode.
2019-08-04T18:20:48.942404Z 0 [Warning] 'db' entry 'performance_schema mysql.session@localhost' ignored in --skip-name-resolve mode.
2019-08-04T18:20:48.942815Z 0 [Warning] 'db' entry 'sys mysql.sys@localhost' ignored in --skip-name-resolve mode.
2019-08-04T18:20:48.947776Z 0 [Warning] 'proxies_priv' entry '@ root@localhost' ignored in --skip-name-resolve mode.
2019-08-04T18:20:49.111027Z 0 [Note] InnoDB: Buffer pool(s) load completed at 190804 18:20:49
2019-08-04T18:20:49.205833Z 0 [Warning] 'tables_priv' entry 'user mysql.session@localhost' ignored in --skip-name-resolve mode.
2019-08-04T18:20:49.205880Z 0 [Warning] 'tables_priv' entry 'sys_config mysql.sys@localhost' ignored in --skip-name-resolve mode.
2019-08-04T18:20:49.842047Z 0 [Note] Event Scheduler: Loaded 0 events
2019-08-04T18:20:49.859255Z 0 [Note] /usr/sbin/mysqld: ready for connections.
Version: '5.7.23'  socket: '/var/run/mysqld/mysqld.sock'  port: 3306  MySQL Community Server (GPL)
2019-08-05T13:07:37.817918Z 0 [Note] InnoDB: page_cleaner: 1000ms intended loop took 61569678ms. The settings might not be optimal. (flushed=0 and evicted=0, during the time.)
2019-08-05T18:41:51.564356Z 0 [Note] InnoDB: page_cleaner: 1000ms intended loop took 5221722ms. The settings might not be optimal. (flushed=0 and evicted=0, during the time.)
2019-08-05T19:41:22.872559Z 0 [Note] InnoDB: page_cleaner: 1000ms intended loop took 128293ms. The settings might not be optimal. (flushed=0 and evicted=0, during the time.)
